Analysis & Synthesis report for Lab4
Tue Oct 08 12:07:52 2019
Quartus Prime Version 18.1.0 Build 625 09/12/2018 SJ Lite Edition


---------------------
; Table of Contents ;
---------------------
  1. Legal Notice
  2. Analysis & Synthesis Summary
  3. Analysis & Synthesis Settings
  4. Parallel Compilation
  5. Analysis & Synthesis Source Files Read
  6. Analysis & Synthesis Resource Usage Summary
  7. Analysis & Synthesis Resource Utilization by Entity
  8. Analysis & Synthesis RAM Summary
  9. Analysis & Synthesis IP Cores Summary
 10. General Register Statistics
 11. Source assignments for ROMSprite1:ROM|altsyncram:altsyncram_component|altsyncram_6dg1:auto_generated
 12. Parameter Settings for User Entity Instance: ROMSprite1:ROM|altsyncram:altsyncram_component
 13. altsyncram Parameter Settings by Entity Instance
 14. Post-Synthesis Netlist Statistics for Top Partition
 15. Elapsed Time Per Partition
 16. Analysis & Synthesis Messages
 17. Analysis & Synthesis Suppressed Messages



----------------
; Legal Notice ;
----------------
Copyright (C) 2018  Intel Corporation. All rights reserved.
Your use of Intel Corporation's design tools, logic functions 
and other software and tools, and its AMPP partner logic 
functions, and any output files from any of the foregoing 
(including device programming or simulation files), and any 
associated documentation or information are expressly subject 
to the terms and conditions of the Intel Program License 
Subscription Agreement, the Intel Quartus Prime License Agreement,
the Intel FPGA IP License Agreement, or other applicable license
agreement, including, without limitation, that your use is for
the sole purpose of programming logic devices manufactured by
Intel and sold by Intel or its authorized distributors.  Please
refer to the applicable agreement for further details.



+-------------------------------------------------------------------------------+
; Analysis & Synthesis Summary                                                  ;
+---------------------------------+---------------------------------------------+
; Analysis & Synthesis Status     ; Successful - Tue Oct 08 12:07:51 2019       ;
; Quartus Prime Version           ; 18.1.0 Build 625 09/12/2018 SJ Lite Edition ;
; Revision Name                   ; Lab4                                        ;
; Top-level Entity Name           ; SpritePrinter                               ;
; Family                          ; Cyclone V                                   ;
; Logic utilization (in ALMs)     ; N/A                                         ;
; Total registers                 ; 0                                           ;
; Total pins                      ; 66                                          ;
; Total virtual pins              ; 0                                           ;
; Total block memory bits         ; 12,288                                      ;
; Total DSP Blocks                ; 0                                           ;
; Total HSSI RX PCSs              ; 0                                           ;
; Total HSSI PMA RX Deserializers ; 0                                           ;
; Total HSSI TX PCSs              ; 0                                           ;
; Total HSSI PMA TX Serializers   ; 0                                           ;
; Total PLLs                      ; 0                                           ;
; Total DLLs                      ; 0                                           ;
+---------------------------------+---------------------------------------------+


+---------------------------------------------------------------------------------------------------------------------------+
; Analysis & Synthesis Settings                                                                                             ;
+---------------------------------------------------------------------------------+--------------------+--------------------+
; Option                                                                          ; Setting            ; Default Value      ;
+---------------------------------------------------------------------------------+--------------------+--------------------+
; Device                                                                          ; 5CSEMA5F31C6       ;                    ;
; Top-level entity name                                                           ; SpritePrinter      ; Lab4               ;
; Family name                                                                     ; Cyclone V          ; Cyclone V          ;
; Use smart compilation                                                           ; Off                ; Off                ;
; Enable parallel Assembler and Timing Analyzer during compilation                ; On                 ; On                 ;
; Enable compact report table                                                     ; Off                ; Off                ;
; Restructure Multiplexers                                                        ; Auto               ; Auto               ;
; MLAB Add Timing Constraints For Mixed-Port Feed-Through Mode Setting Don't Care ; Off                ; Off                ;
; Create Debugging Nodes for IP Cores                                             ; Off                ; Off                ;
; Preserve fewer node names                                                       ; On                 ; On                 ;
; Intel FPGA IP Evaluation Mode                                                   ; Enable             ; Enable             ;
; Verilog Version                                                                 ; Verilog_2001       ; Verilog_2001       ;
; VHDL Version                                                                    ; VHDL_1993          ; VHDL_1993          ;
; State Machine Processing                                                        ; Auto               ; Auto               ;
; Safe State Machine                                                              ; Off                ; Off                ;
; Extract Verilog State Machines                                                  ; On                 ; On                 ;
; Extract VHDL State Machines                                                     ; On                 ; On                 ;
; Ignore Verilog initial constructs                                               ; Off                ; Off                ;
; Iteration limit for constant Verilog loops                                      ; 5000               ; 5000               ;
; Iteration limit for non-constant Verilog loops                                  ; 250                ; 250                ;
; Add Pass-Through Logic to Inferred RAMs                                         ; On                 ; On                 ;
; Infer RAMs from Raw Logic                                                       ; On                 ; On                 ;
; Parallel Synthesis                                                              ; On                 ; On                 ;
; DSP Block Balancing                                                             ; Auto               ; Auto               ;
; NOT Gate Push-Back                                                              ; On                 ; On                 ;
; Power-Up Don't Care                                                             ; On                 ; On                 ;
; Remove Redundant Logic Cells                                                    ; Off                ; Off                ;
; Remove Duplicate Registers                                                      ; On                 ; On                 ;
; Ignore CARRY Buffers                                                            ; Off                ; Off                ;
; Ignore CASCADE Buffers                                                          ; Off                ; Off                ;
; Ignore GLOBAL Buffers                                                           ; Off                ; Off                ;
; Ignore ROW GLOBAL Buffers                                                       ; Off                ; Off                ;
; Ignore LCELL Buffers                                                            ; Off                ; Off                ;
; Ignore SOFT Buffers                                                             ; On                 ; On                 ;
; Limit AHDL Integers to 32 Bits                                                  ; Off                ; Off                ;
; Optimization Technique                                                          ; Balanced           ; Balanced           ;
; Carry Chain Length                                                              ; 70                 ; 70                 ;
; Auto Carry Chains                                                               ; On                 ; On                 ;
; Auto Open-Drain Pins                                                            ; On                 ; On                 ;
; Perform WYSIWYG Primitive Resynthesis                                           ; Off                ; Off                ;
; Auto ROM Replacement                                                            ; On                 ; On                 ;
; Auto RAM Replacement                                                            ; On                 ; On                 ;
; Auto DSP Block Replacement                                                      ; On                 ; On                 ;
; Auto Shift Register Replacement                                                 ; Auto               ; Auto               ;
; Allow Shift Register Merging across Hierarchies                                 ; Auto               ; Auto               ;
; Auto Clock Enable Replacement                                                   ; On                 ; On                 ;
; Strict RAM Replacement                                                          ; Off                ; Off                ;
; Allow Synchronous Control Signals                                               ; On                 ; On                 ;
; Force Use of Synchronous Clear Signals                                          ; Off                ; Off                ;
; Auto Resource Sharing                                                           ; Off                ; Off                ;
; Allow Any RAM Size For Recognition                                              ; Off                ; Off                ;
; Allow Any ROM Size For Recognition                                              ; Off                ; Off                ;
; Allow Any Shift Register Size For Recognition                                   ; Off                ; Off                ;
; Use LogicLock Constraints during Resource Balancing                             ; On                 ; On                 ;
; Ignore translate_off and synthesis_off directives                               ; Off                ; Off                ;
; Timing-Driven Synthesis                                                         ; On                 ; On                 ;
; Report Parameter Settings                                                       ; On                 ; On                 ;
; Report Source Assignments                                                       ; On                 ; On                 ;
; Report Connectivity Checks                                                      ; On                 ; On                 ;
; Ignore Maximum Fan-Out Assignments                                              ; Off                ; Off                ;
; Synchronization Register Chain Length                                           ; 3                  ; 3                  ;
; Power Optimization During Synthesis                                             ; Normal compilation ; Normal compilation ;
; HDL message level                                                               ; Level2             ; Level2             ;
; Suppress Register Optimization Related Messages                                 ; Off                ; Off                ;
; Number of Removed Registers Reported in Synthesis Report                        ; 5000               ; 5000               ;
; Number of Swept Nodes Reported in Synthesis Report                              ; 5000               ; 5000               ;
; Number of Inverted Registers Reported in Synthesis Report                       ; 100                ; 100                ;
; Clock MUX Protection                                                            ; On                 ; On                 ;
; Auto Gated Clock Conversion                                                     ; Off                ; Off                ;
; Block Design Naming                                                             ; Auto               ; Auto               ;
; SDC constraint protection                                                       ; Off                ; Off                ;
; Synthesis Effort                                                                ; Auto               ; Auto               ;
; Shift Register Replacement - Allow Asynchronous Clear Signal                    ; On                 ; On                 ;
; Pre-Mapping Resynthesis Optimization                                            ; Off                ; Off                ;
; Analysis & Synthesis Message Level                                              ; Medium             ; Medium             ;
; Disable Register Merging Across Hierarchies                                     ; Auto               ; Auto               ;
; Resource Aware Inference For Block RAM                                          ; On                 ; On                 ;
; Automatic Parallel Synthesis                                                    ; On                 ; On                 ;
; Partial Reconfiguration Bitstream ID                                            ; Off                ; Off                ;
+---------------------------------------------------------------------------------+--------------------+--------------------+


+------------------------------------------+
; Parallel Compilation                     ;
+----------------------------+-------------+
; Processors                 ; Number      ;
+----------------------------+-------------+
; Number detected on machine ; 8           ;
; Maximum allowed            ; 4           ;
;                            ;             ;
; Average used               ; 1.00        ;
; Maximum used               ; 1           ;
;                            ;             ;
; Usage by Processor         ; % Time Used ;
;     Processor 1            ; 100.0%      ;
+----------------------------+-------------+


+---------------------------------------------------------------------------------------------------------------------------------------------------------------------------------------------------------------------------+
; Analysis & Synthesis Source Files Read                                                                                                                                                                                    ;
+----------------------------------+-----------------+----------------------------------+-------------------------------------------------------------------------------------------------------------------------+---------+
; File Name with User-Entered Path ; Used in Netlist ; File Type                        ; File Name with Absolute Path                                                                                            ; Library ;
+----------------------------------+-----------------+----------------------------------+-------------------------------------------------------------------------------------------------------------------------+---------+
; sprite1.mif                      ; yes             ; User Memory Initialization File  ; C:/Users/ErickOF/Documents/Git/Taller-de-Dise-o-Digital/Lab4 - Logica Secuencial y Controladores/sprite1.mif            ;         ;
; SpritePrinter.sv                 ; yes             ; User SystemVerilog HDL File      ; C:/Users/ErickOF/Documents/Git/Taller-de-Dise-o-Digital/Lab4 - Logica Secuencial y Controladores/SpritePrinter.sv       ;         ;
; ROMSprite1.v                     ; yes             ; User Wizard-Generated File       ; C:/Users/ErickOF/Documents/Git/Taller-de-Dise-o-Digital/Lab4 - Logica Secuencial y Controladores/ROMSprite1.v           ;         ;
; ColorDecoder.sv                  ; yes             ; User SystemVerilog HDL File      ; C:/Users/ErickOF/Documents/Git/Taller-de-Dise-o-Digital/Lab4 - Logica Secuencial y Controladores/ColorDecoder.sv        ;         ;
; AddressGenerator.sv              ; yes             ; User SystemVerilog HDL File      ; C:/Users/ErickOF/Documents/Git/Taller-de-Dise-o-Digital/Lab4 - Logica Secuencial y Controladores/AddressGenerator.sv    ;         ;
; VisibleLogic.sv                  ; yes             ; User SystemVerilog HDL File      ; C:/Users/ErickOF/Documents/Git/Taller-de-Dise-o-Digital/Lab4 - Logica Secuencial y Controladores/VisibleLogic.sv        ;         ;
; altsyncram.tdf                   ; yes             ; Megafunction                     ; c:/intelfpga_lite/18.1/quartus/libraries/megafunctions/altsyncram.tdf                                                   ;         ;
; stratix_ram_block.inc            ; yes             ; Megafunction                     ; c:/intelfpga_lite/18.1/quartus/libraries/megafunctions/stratix_ram_block.inc                                            ;         ;
; lpm_mux.inc                      ; yes             ; Megafunction                     ; c:/intelfpga_lite/18.1/quartus/libraries/megafunctions/lpm_mux.inc                                                      ;         ;
; lpm_decode.inc                   ; yes             ; Megafunction                     ; c:/intelfpga_lite/18.1/quartus/libraries/megafunctions/lpm_decode.inc                                                   ;         ;
; aglobal181.inc                   ; yes             ; Megafunction                     ; c:/intelfpga_lite/18.1/quartus/libraries/megafunctions/aglobal181.inc                                                   ;         ;
; a_rdenreg.inc                    ; yes             ; Megafunction                     ; c:/intelfpga_lite/18.1/quartus/libraries/megafunctions/a_rdenreg.inc                                                    ;         ;
; altrom.inc                       ; yes             ; Megafunction                     ; c:/intelfpga_lite/18.1/quartus/libraries/megafunctions/altrom.inc                                                       ;         ;
; altram.inc                       ; yes             ; Megafunction                     ; c:/intelfpga_lite/18.1/quartus/libraries/megafunctions/altram.inc                                                       ;         ;
; altdpram.inc                     ; yes             ; Megafunction                     ; c:/intelfpga_lite/18.1/quartus/libraries/megafunctions/altdpram.inc                                                     ;         ;
; db/altsyncram_6dg1.tdf           ; yes             ; Auto-Generated Megafunction      ; C:/Users/ErickOF/Documents/Git/Taller-de-Dise-o-Digital/Lab4 - Logica Secuencial y Controladores/db/altsyncram_6dg1.tdf ;         ;
+----------------------------------+-----------------+----------------------------------+-------------------------------------------------------------------------------------------------------------------------+---------+


+------------------------------------------------------------------------------------------------------------------------------------+
; Analysis & Synthesis Resource Usage Summary                                                                                        ;
+---------------------------------------------+--------------------------------------------------------------------------------------+
; Resource                                    ; Usage                                                                                ;
+---------------------------------------------+--------------------------------------------------------------------------------------+
; Estimate of Logic utilization (ALMs needed) ; 20                                                                                   ;
;                                             ;                                                                                      ;
; Combinational ALUT usage for logic          ; 39                                                                                   ;
;     -- 7 input functions                    ; 0                                                                                    ;
;     -- 6 input functions                    ; 1                                                                                    ;
;     -- 5 input functions                    ; 1                                                                                    ;
;     -- 4 input functions                    ; 0                                                                                    ;
;     -- <=3 input functions                  ; 37                                                                                   ;
;                                             ;                                                                                      ;
; Dedicated logic registers                   ; 0                                                                                    ;
;                                             ;                                                                                      ;
; I/O pins                                    ; 66                                                                                   ;
; Total MLAB memory bits                      ; 0                                                                                    ;
; Total block memory bits                     ; 12288                                                                                ;
;                                             ;                                                                                      ;
; Total DSP Blocks                            ; 0                                                                                    ;
;                                             ;                                                                                      ;
; Maximum fan-out node                        ; ROMSprite1:ROM|altsyncram:altsyncram_component|altsyncram_6dg1:auto_generated|q_a[1] ;
; Maximum fan-out                             ; 19                                                                                   ;
; Total fan-out                               ; 247                                                                                  ;
; Average fan-out                             ; 1.42                                                                                 ;
+---------------------------------------------+--------------------------------------------------------------------------------------+


+-------------------------------------------------------------------------------------------------------------------------------------------------------------------------------------------------------------------------------------------------------------------------------------+
; Analysis & Synthesis Resource Utilization by Entity                                                                                                                                                                                                                                 ;
+-------------------------------------------+---------------------+---------------------------+-------------------+------------+------+--------------+----------------------------------------------------------------------------------------------+------------------+--------------+
; Compilation Hierarchy Node                ; Combinational ALUTs ; Dedicated Logic Registers ; Block Memory Bits ; DSP Blocks ; Pins ; Virtual Pins ; Full Hierarchy Name                                                                          ; Entity Name      ; Library Name ;
+-------------------------------------------+---------------------+---------------------------+-------------------+------------+------+--------------+----------------------------------------------------------------------------------------------+------------------+--------------+
; |SpritePrinter                            ; 39 (0)              ; 0 (0)                     ; 12288             ; 0          ; 66   ; 0            ; |SpritePrinter                                                                               ; SpritePrinter    ; work         ;
;    |AddressGenerator:ADDRESS|             ; 20 (20)             ; 0 (0)                     ; 0                 ; 0          ; 0    ; 0            ; |SpritePrinter|AddressGenerator:ADDRESS                                                      ; AddressGenerator ; work         ;
;    |ColorDecoder:DECO|                    ; 16 (16)             ; 0 (0)                     ; 0                 ; 0          ; 0    ; 0            ; |SpritePrinter|ColorDecoder:DECO                                                             ; ColorDecoder     ; work         ;
;    |ROMSprite1:ROM|                       ; 0 (0)               ; 0 (0)                     ; 12288             ; 0          ; 0    ; 0            ; |SpritePrinter|ROMSprite1:ROM                                                                ; ROMSprite1       ; work         ;
;       |altsyncram:altsyncram_component|   ; 0 (0)               ; 0 (0)                     ; 12288             ; 0          ; 0    ; 0            ; |SpritePrinter|ROMSprite1:ROM|altsyncram:altsyncram_component                                ; altsyncram       ; work         ;
;          |altsyncram_6dg1:auto_generated| ; 0 (0)               ; 0 (0)                     ; 12288             ; 0          ; 0    ; 0            ; |SpritePrinter|ROMSprite1:ROM|altsyncram:altsyncram_component|altsyncram_6dg1:auto_generated ; altsyncram_6dg1  ; work         ;
;    |VisibleLogic:VIS|                     ; 3 (3)               ; 0 (0)                     ; 0                 ; 0          ; 0    ; 0            ; |SpritePrinter|VisibleLogic:VIS                                                              ; VisibleLogic     ; work         ;
+-------------------------------------------+---------------------+---------------------------+-------------------+------------+------+--------------+----------------------------------------------------------------------------------------------+------------------+--------------+
Note: For table entries with two numbers listed, the numbers in parentheses indicate the number of resources of the given type used by the specific entity alone. The numbers listed outside of parentheses indicate the total resources of the given type used by the specific entity and all of its sub-entities in the hierarchy.


+--------------------------------------------------------------------------------------------------------------------------------------------------------------------------------------------+
; Analysis & Synthesis RAM Summary                                                                                                                                                           ;
+------------------------------------------------------------------------------------------+------+------+--------------+--------------+--------------+--------------+-------+---------------+
; Name                                                                                     ; Type ; Mode ; Port A Depth ; Port A Width ; Port B Depth ; Port B Width ; Size  ; MIF           ;
+------------------------------------------------------------------------------------------+------+------+--------------+--------------+--------------+--------------+-------+---------------+
; ROMSprite1:ROM|altsyncram:altsyncram_component|altsyncram_6dg1:auto_generated|ALTSYNCRAM ; AUTO ; ROM  ; 4096         ; 3            ; --           ; --           ; 12288 ; ./sprite1.mif ;
+------------------------------------------------------------------------------------------+------+------+--------------+--------------+--------------+--------------+-------+---------------+


+-----------------------------------------------------------------------------------------------------------------+
; Analysis & Synthesis IP Cores Summary                                                                           ;
+--------+--------------+---------+--------------+--------------+-------------------------------+-----------------+
; Vendor ; IP Core Name ; Version ; Release Date ; License Type ; Entity Instance               ; IP Include File ;
+--------+--------------+---------+--------------+--------------+-------------------------------+-----------------+
; Altera ; ROM: 1-PORT  ; 17.1    ; N/A          ; N/A          ; |SpritePrinter|ROMSprite1:ROM ; ROMSprite1.v    ;
+--------+--------------+---------+--------------+--------------+-------------------------------+-----------------+


+------------------------------------------------------+
; General Register Statistics                          ;
+----------------------------------------------+-------+
; Statistic                                    ; Value ;
+----------------------------------------------+-------+
; Total registers                              ; 0     ;
; Number of registers using Synchronous Clear  ; 0     ;
; Number of registers using Synchronous Load   ; 0     ;
; Number of registers using Asynchronous Clear ; 0     ;
; Number of registers using Asynchronous Load  ; 0     ;
; Number of registers using Clock Enable       ; 0     ;
; Number of registers using Preset             ; 0     ;
+----------------------------------------------+-------+


+------------------------------------------------------------------------------------------------------+
; Source assignments for ROMSprite1:ROM|altsyncram:altsyncram_component|altsyncram_6dg1:auto_generated ;
+---------------------------------+--------------------+------+----------------------------------------+
; Assignment                      ; Value              ; From ; To                                     ;
+---------------------------------+--------------------+------+----------------------------------------+
; OPTIMIZE_POWER_DURING_SYNTHESIS ; NORMAL_COMPILATION ; -    ; -                                      ;
+---------------------------------+--------------------+------+----------------------------------------+


+---------------------------------------------------------------------------------------------+
; Parameter Settings for User Entity Instance: ROMSprite1:ROM|altsyncram:altsyncram_component ;
+------------------------------------+----------------------+---------------------------------+
; Parameter Name                     ; Value                ; Type                            ;
+------------------------------------+----------------------+---------------------------------+
; BYTE_SIZE_BLOCK                    ; 8                    ; Untyped                         ;
; AUTO_CARRY_CHAINS                  ; ON                   ; AUTO_CARRY                      ;
; IGNORE_CARRY_BUFFERS               ; OFF                  ; IGNORE_CARRY                    ;
; AUTO_CASCADE_CHAINS                ; ON                   ; AUTO_CASCADE                    ;
; IGNORE_CASCADE_BUFFERS             ; OFF                  ; IGNORE_CASCADE                  ;
; WIDTH_BYTEENA                      ; 1                    ; Untyped                         ;
; OPERATION_MODE                     ; ROM                  ; Untyped                         ;
; WIDTH_A                            ; 3                    ; Signed Integer                  ;
; WIDTHAD_A                          ; 12                   ; Signed Integer                  ;
; NUMWORDS_A                         ; 4096                 ; Signed Integer                  ;
; OUTDATA_REG_A                      ; UNREGISTERED         ; Untyped                         ;
; ADDRESS_ACLR_A                     ; NONE                 ; Untyped                         ;
; OUTDATA_ACLR_A                     ; NONE                 ; Untyped                         ;
; WRCONTROL_ACLR_A                   ; NONE                 ; Untyped                         ;
; INDATA_ACLR_A                      ; NONE                 ; Untyped                         ;
; BYTEENA_ACLR_A                     ; NONE                 ; Untyped                         ;
; WIDTH_B                            ; 1                    ; Untyped                         ;
; WIDTHAD_B                          ; 1                    ; Untyped                         ;
; NUMWORDS_B                         ; 1                    ; Untyped                         ;
; INDATA_REG_B                       ; CLOCK1               ; Untyped                         ;
; WRCONTROL_WRADDRESS_REG_B          ; CLOCK1               ; Untyped                         ;
; RDCONTROL_REG_B                    ; CLOCK1               ; Untyped                         ;
; ADDRESS_REG_B                      ; CLOCK1               ; Untyped                         ;
; OUTDATA_REG_B                      ; UNREGISTERED         ; Untyped                         ;
; BYTEENA_REG_B                      ; CLOCK1               ; Untyped                         ;
; INDATA_ACLR_B                      ; NONE                 ; Untyped                         ;
; WRCONTROL_ACLR_B                   ; NONE                 ; Untyped                         ;
; ADDRESS_ACLR_B                     ; NONE                 ; Untyped                         ;
; OUTDATA_ACLR_B                     ; NONE                 ; Untyped                         ;
; RDCONTROL_ACLR_B                   ; NONE                 ; Untyped                         ;
; BYTEENA_ACLR_B                     ; NONE                 ; Untyped                         ;
; WIDTH_BYTEENA_A                    ; 1                    ; Signed Integer                  ;
; WIDTH_BYTEENA_B                    ; 1                    ; Untyped                         ;
; RAM_BLOCK_TYPE                     ; AUTO                 ; Untyped                         ;
; BYTE_SIZE                          ; 8                    ; Untyped                         ;
; READ_DURING_WRITE_MODE_MIXED_PORTS ; DONT_CARE            ; Untyped                         ;
; READ_DURING_WRITE_MODE_PORT_A      ; NEW_DATA_NO_NBE_READ ; Untyped                         ;
; READ_DURING_WRITE_MODE_PORT_B      ; NEW_DATA_NO_NBE_READ ; Untyped                         ;
; INIT_FILE                          ; ./sprite1.mif        ; Untyped                         ;
; INIT_FILE_LAYOUT                   ; PORT_A               ; Untyped                         ;
; MAXIMUM_DEPTH                      ; 0                    ; Untyped                         ;
; CLOCK_ENABLE_INPUT_A               ; BYPASS               ; Untyped                         ;
; CLOCK_ENABLE_INPUT_B               ; NORMAL               ; Untyped                         ;
; CLOCK_ENABLE_OUTPUT_A              ; BYPASS               ; Untyped                         ;
; CLOCK_ENABLE_OUTPUT_B              ; NORMAL               ; Untyped                         ;
; CLOCK_ENABLE_CORE_A                ; USE_INPUT_CLKEN      ; Untyped                         ;
; CLOCK_ENABLE_CORE_B                ; USE_INPUT_CLKEN      ; Untyped                         ;
; ENABLE_ECC                         ; FALSE                ; Untyped                         ;
; ECC_PIPELINE_STAGE_ENABLED         ; FALSE                ; Untyped                         ;
; WIDTH_ECCSTATUS                    ; 3                    ; Untyped                         ;
; DEVICE_FAMILY                      ; Cyclone V            ; Untyped                         ;
; CBXI_PARAMETER                     ; altsyncram_6dg1      ; Untyped                         ;
+------------------------------------+----------------------+---------------------------------+
Note: In order to hide this table in the UI and the text report file, please set the "Show Parameter Settings in Synthesis Report" option in "Analysis and Synthesis Settings -> More Settings" to "Off".


+--------------------------------------------------------------------------------------------+
; altsyncram Parameter Settings by Entity Instance                                           ;
+-------------------------------------------+------------------------------------------------+
; Name                                      ; Value                                          ;
+-------------------------------------------+------------------------------------------------+
; Number of entity instances                ; 1                                              ;
; Entity Instance                           ; ROMSprite1:ROM|altsyncram:altsyncram_component ;
;     -- OPERATION_MODE                     ; ROM                                            ;
;     -- WIDTH_A                            ; 3                                              ;
;     -- NUMWORDS_A                         ; 4096                                           ;
;     -- OUTDATA_REG_A                      ; UNREGISTERED                                   ;
;     -- WIDTH_B                            ; 1                                              ;
;     -- NUMWORDS_B                         ; 1                                              ;
;     -- ADDRESS_REG_B                      ; CLOCK1                                         ;
;     -- OUTDATA_REG_B                      ; UNREGISTERED                                   ;
;     -- RAM_BLOCK_TYPE                     ; AUTO                                           ;
;     -- READ_DURING_WRITE_MODE_MIXED_PORTS ; DONT_CARE                                      ;
+-------------------------------------------+------------------------------------------------+


+-----------------------------------------------------+
; Post-Synthesis Netlist Statistics for Top Partition ;
+-----------------------+-----------------------------+
; Type                  ; Count                       ;
+-----------------------+-----------------------------+
; arriav_lcell_comb     ; 48                          ;
;     normal            ; 28                          ;
;         1 data inputs ; 9                           ;
;         2 data inputs ; 3                           ;
;         3 data inputs ; 14                          ;
;         5 data inputs ; 1                           ;
;         6 data inputs ; 1                           ;
;     shared            ; 20                          ;
;         2 data inputs ; 20                          ;
; boundary_port         ; 66                          ;
; stratixv_ram_block    ; 3                           ;
;                       ;                             ;
; Max LUT depth         ; 4.70                        ;
; Average LUT depth     ; 3.41                        ;
+-----------------------+-----------------------------+


+-------------------------------+
; Elapsed Time Per Partition    ;
+----------------+--------------+
; Partition Name ; Elapsed Time ;
+----------------+--------------+
; Top            ; 00:00:01     ;
+----------------+--------------+


+-------------------------------+
; Analysis & Synthesis Messages ;
+-------------------------------+
Info: *******************************************************************
Info: Running Quartus Prime Analysis & Synthesis
    Info: Version 18.1.0 Build 625 09/12/2018 SJ Lite Edition
    Info: Processing started: Tue Oct 08 12:07:26 2019
Info: Command: quartus_map --read_settings_files=on --write_settings_files=off Lab4 -c Lab4
Warning (18236): Number of processors has not been specified which may cause overloading on shared machines.  Set the global assignment NUM_PARALLEL_PROCESSORS in your QSF to an appropriate value for best performance.
Info (20030): Parallel compilation is enabled and will use 4 of the 4 processors detected
Info (12021): Found 1 design units, including 1 entities, in source file vgacontrollertest.sv
    Info (12023): Found entity 1: VGAControllerTest File: C:/Users/ErickOF/Documents/Git/Taller-de-Dise-o-Digital/Lab4 - Logica Secuencial y Controladores/VGAControllerTest.sv Line: 1
Info (12021): Found 1 design units, including 1 entities, in source file countertest.sv
    Info (12023): Found entity 1: CounterTest File: C:/Users/ErickOF/Documents/Git/Taller-de-Dise-o-Digital/Lab4 - Logica Secuencial y Controladores/CounterTest.sv Line: 1
Info (12021): Found 1 design units, including 1 entities, in source file linesprinter.sv
    Info (12023): Found entity 1: LinesPrinter File: C:/Users/ErickOF/Documents/Git/Taller-de-Dise-o-Digital/Lab4 - Logica Secuencial y Controladores/LinesPrinter.sv Line: 13
Info (12021): Found 1 design units, including 1 entities, in source file spriteprinter.sv
    Info (12023): Found entity 1: SpritePrinter File: C:/Users/ErickOF/Documents/Git/Taller-de-Dise-o-Digital/Lab4 - Logica Secuencial y Controladores/SpritePrinter.sv Line: 15
Info (12021): Found 1 design units, including 1 entities, in source file comparator.sv
    Info (12023): Found entity 1: Comparator File: C:/Users/ErickOF/Documents/Git/Taller-de-Dise-o-Digital/Lab4 - Logica Secuencial y Controladores/Comparator.sv Line: 11
Info (12021): Found 1 design units, including 1 entities, in source file romsprite1.v
    Info (12023): Found entity 1: ROMSprite1 File: C:/Users/ErickOF/Documents/Git/Taller-de-Dise-o-Digital/Lab4 - Logica Secuencial y Controladores/ROMSprite1.v Line: 39
Info (12021): Found 1 design units, including 1 entities, in source file colordecoder.sv
    Info (12023): Found entity 1: ColorDecoder File: C:/Users/ErickOF/Documents/Git/Taller-de-Dise-o-Digital/Lab4 - Logica Secuencial y Controladores/ColorDecoder.sv Line: 1
Info (12021): Found 1 design units, including 1 entities, in source file addressgenerator.sv
    Info (12023): Found entity 1: AddressGenerator File: C:/Users/ErickOF/Documents/Git/Taller-de-Dise-o-Digital/Lab4 - Logica Secuencial y Controladores/AddressGenerator.sv Line: 1
Info (12021): Found 1 design units, including 1 entities, in source file visiblelogic.sv
    Info (12023): Found entity 1: VisibleLogic File: C:/Users/ErickOF/Documents/Git/Taller-de-Dise-o-Digital/Lab4 - Logica Secuencial y Controladores/VisibleLogic.sv Line: 1
Info (12021): Found 1 design units, including 1 entities, in source file vgacontroller.sv
    Info (12023): Found entity 1: VGAController File: C:/Users/ErickOF/Documents/Git/Taller-de-Dise-o-Digital/Lab4 - Logica Secuencial y Controladores/VGAController.sv Line: 1
Info (12021): Found 1 design units, including 1 entities, in source file clockdivider.sv
    Info (12023): Found entity 1: ClockDivider File: C:/Users/ErickOF/Documents/Git/Taller-de-Dise-o-Digital/Lab4 - Logica Secuencial y Controladores/ClockDivider.sv Line: 1
Info (12021): Found 1 design units, including 1 entities, in source file clockdividertest.sv
    Info (12023): Found entity 1: ClockDividerTest File: C:/Users/ErickOF/Documents/Git/Taller-de-Dise-o-Digital/Lab4 - Logica Secuencial y Controladores/ClockDividerTest.sv Line: 1
Info (12021): Found 1 design units, including 1 entities, in source file counter.sv
    Info (12023): Found entity 1: Counter File: C:/Users/ErickOF/Documents/Git/Taller-de-Dise-o-Digital/Lab4 - Logica Secuencial y Controladores/Counter.sv Line: 1
Info (12127): Elaborating entity "SpritePrinter" for the top level hierarchy
Info (12128): Elaborating entity "ROMSprite1" for hierarchy "ROMSprite1:ROM" File: C:/Users/ErickOF/Documents/Git/Taller-de-Dise-o-Digital/Lab4 - Logica Secuencial y Controladores/SpritePrinter.sv Line: 23
Info (12128): Elaborating entity "altsyncram" for hierarchy "ROMSprite1:ROM|altsyncram:altsyncram_component" File: C:/Users/ErickOF/Documents/Git/Taller-de-Dise-o-Digital/Lab4 - Logica Secuencial y Controladores/ROMSprite1.v Line: 81
Info (12130): Elaborated megafunction instantiation "ROMSprite1:ROM|altsyncram:altsyncram_component" File: C:/Users/ErickOF/Documents/Git/Taller-de-Dise-o-Digital/Lab4 - Logica Secuencial y Controladores/ROMSprite1.v Line: 81
Info (12133): Instantiated megafunction "ROMSprite1:ROM|altsyncram:altsyncram_component" with the following parameter: File: C:/Users/ErickOF/Documents/Git/Taller-de-Dise-o-Digital/Lab4 - Logica Secuencial y Controladores/ROMSprite1.v Line: 81
    Info (12134): Parameter "address_aclr_a" = "NONE"
    Info (12134): Parameter "clock_enable_input_a" = "BYPASS"
    Info (12134): Parameter "clock_enable_output_a" = "BYPASS"
    Info (12134): Parameter "init_file" = "./sprite1.mif"
    Info (12134): Parameter "intended_device_family" = "Cyclone V"
    Info (12134): Parameter "lpm_hint" = "ENABLE_RUNTIME_MOD=NO"
    Info (12134): Parameter "lpm_type" = "altsyncram"
    Info (12134): Parameter "numwords_a" = "4096"
    Info (12134): Parameter "operation_mode" = "ROM"
    Info (12134): Parameter "outdata_aclr_a" = "NONE"
    Info (12134): Parameter "outdata_reg_a" = "UNREGISTERED"
    Info (12134): Parameter "widthad_a" = "12"
    Info (12134): Parameter "width_a" = "3"
    Info (12134): Parameter "width_byteena_a" = "1"
Info (12021): Found 1 design units, including 1 entities, in source file db/altsyncram_6dg1.tdf
    Info (12023): Found entity 1: altsyncram_6dg1 File: C:/Users/ErickOF/Documents/Git/Taller-de-Dise-o-Digital/Lab4 - Logica Secuencial y Controladores/db/altsyncram_6dg1.tdf Line: 27
Info (12128): Elaborating entity "altsyncram_6dg1" for hierarchy "ROMSprite1:ROM|altsyncram:altsyncram_component|altsyncram_6dg1:auto_generated" File: c:/intelfpga_lite/18.1/quartus/libraries/megafunctions/altsyncram.tdf Line: 791
Info (12128): Elaborating entity "ColorDecoder" for hierarchy "ColorDecoder:DECO" File: C:/Users/ErickOF/Documents/Git/Taller-de-Dise-o-Digital/Lab4 - Logica Secuencial y Controladores/SpritePrinter.sv Line: 25
Info (12128): Elaborating entity "AddressGenerator" for hierarchy "AddressGenerator:ADDRESS" File: C:/Users/ErickOF/Documents/Git/Taller-de-Dise-o-Digital/Lab4 - Logica Secuencial y Controladores/SpritePrinter.sv Line: 27
Info (12128): Elaborating entity "VisibleLogic" for hierarchy "VisibleLogic:VIS" File: C:/Users/ErickOF/Documents/Git/Taller-de-Dise-o-Digital/Lab4 - Logica Secuencial y Controladores/SpritePrinter.sv Line: 28
Info (286030): Timing-Driven Synthesis is running
Info (144001): Generated suppressed messages file C:/Users/ErickOF/Documents/Git/Taller-de-Dise-o-Digital/Lab4 - Logica Secuencial y Controladores/output_files/Lab4.map.smsg
Info (16010): Generating hard_block partition "hard_block:auto_generated_inst"
    Info (16011): Adding 0 node(s), including 0 DDIO, 0 PLL, 0 transceiver and 0 LCELL
Info (21057): Implemented 108 device resources after synthesis - the final resource count might be different
    Info (21058): Implemented 41 input pins
    Info (21059): Implemented 25 output pins
    Info (21061): Implemented 39 logic cells
    Info (21064): Implemented 3 RAM segments
Info: Quartus Prime Analysis & Synthesis was successful. 0 errors, 1 warning
    Info: Peak virtual memory: 4827 megabytes
    Info: Processing ended: Tue Oct 08 12:07:52 2019
    Info: Elapsed time: 00:00:26
    Info: Total CPU time (on all processors): 00:00:25


+------------------------------------------+
; Analysis & Synthesis Suppressed Messages ;
+------------------------------------------+
The suppressed messages can be found in C:/Users/ErickOF/Documents/Git/Taller-de-Dise-o-Digital/Lab4 - Logica Secuencial y Controladores/output_files/Lab4.map.smsg.


