Analysis & Synthesis report for Lab3
Wed Sep 04 00:08:24 2019
Quartus Prime Version 18.1.0 Build 625 09/12/2018 SJ Lite Edition


---------------------
; Table of Contents ;
---------------------
  1. Legal Notice
  2. Analysis & Synthesis Summary
  3. Analysis & Synthesis Settings
  4. Parallel Compilation
  5. Analysis & Synthesis Source Files Read
  6. Analysis & Synthesis Resource Usage Summary
  7. Analysis & Synthesis Resource Utilization by Entity
  8. General Register Statistics
  9. Parameter Settings for User Entity Instance: Top-level Entity: |ALU
 10. Parameter Settings for User Entity Instance: and_gate:and_module
 11. Parameter Settings for User Entity Instance: or_gate:or_module
 12. Parameter Settings for User Entity Instance: xor_gate:xor_module
 13. Parameter Settings for User Entity Instance: mux_not:mux_not_module
 14. Parameter Settings for User Entity Instance: fulladder:fulladder_module
 15. Parameter Settings for User Entity Instance: slr:slr_module
 16. Parameter Settings for User Entity Instance: sll:sll_module
 17. Parameter Settings for User Entity Instance: mux_result:mux_result_module
 18. Parameter Settings for User Entity Instance: flag_generator:flag_generator_module
 19. Post-Synthesis Netlist Statistics for Top Partition
 20. Elapsed Time Per Partition
 21. Analysis & Synthesis Messages
 22. Analysis & Synthesis Suppressed Messages



----------------
; Legal Notice ;
----------------
Copyright (C) 2018  Intel Corporation. All rights reserved.
Your use of Intel Corporation's design tools, logic functions 
and other software and tools, and its AMPP partner logic 
functions, and any output files from any of the foregoing 
(including device programming or simulation files), and any 
associated documentation or information are expressly subject 
to the terms and conditions of the Intel Program License 
Subscription Agreement, the Intel Quartus Prime License Agreement,
the Intel FPGA IP License Agreement, or other applicable license
agreement, including, without limitation, that your use is for
the sole purpose of programming logic devices manufactured by
Intel and sold by Intel or its authorized distributors.  Please
refer to the applicable agreement for further details.



+-------------------------------------------------------------------------------+
; Analysis & Synthesis Summary                                                  ;
+---------------------------------+---------------------------------------------+
; Analysis & Synthesis Status     ; Successful - Wed Sep 04 00:08:24 2019       ;
; Quartus Prime Version           ; 18.1.0 Build 625 09/12/2018 SJ Lite Edition ;
; Revision Name                   ; Lab3                                        ;
; Top-level Entity Name           ; ALU                                         ;
; Family                          ; Cyclone V                                   ;
; Logic utilization (in ALMs)     ; N/A                                         ;
; Total registers                 ; 0                                           ;
; Total pins                      ; 17                                          ;
; Total virtual pins              ; 0                                           ;
; Total block memory bits         ; 0                                           ;
; Total DSP Blocks                ; 0                                           ;
; Total HSSI RX PCSs              ; 0                                           ;
; Total HSSI PMA RX Deserializers ; 0                                           ;
; Total HSSI TX PCSs              ; 0                                           ;
; Total HSSI PMA TX Serializers   ; 0                                           ;
; Total PLLs                      ; 0                                           ;
; Total DLLs                      ; 0                                           ;
+---------------------------------+---------------------------------------------+


+---------------------------------------------------------------------------------------------------------------------------+
; Analysis & Synthesis Settings                                                                                             ;
+---------------------------------------------------------------------------------+--------------------+--------------------+
; Option                                                                          ; Setting            ; Default Value      ;
+---------------------------------------------------------------------------------+--------------------+--------------------+
; Device                                                                          ; 5CSEMA5F31C6       ;                    ;
; Top-level entity name                                                           ; ALU                ; Lab3               ;
; Family name                                                                     ; Cyclone V          ; Cyclone V          ;
; Use smart compilation                                                           ; Off                ; Off                ;
; Enable parallel Assembler and Timing Analyzer during compilation                ; On                 ; On                 ;
; Enable compact report table                                                     ; Off                ; Off                ;
; Restructure Multiplexers                                                        ; Auto               ; Auto               ;
; MLAB Add Timing Constraints For Mixed-Port Feed-Through Mode Setting Don't Care ; Off                ; Off                ;
; Create Debugging Nodes for IP Cores                                             ; Off                ; Off                ;
; Preserve fewer node names                                                       ; On                 ; On                 ;
; Intel FPGA IP Evaluation Mode                                                   ; Enable             ; Enable             ;
; Verilog Version                                                                 ; Verilog_2001       ; Verilog_2001       ;
; VHDL Version                                                                    ; VHDL_1993          ; VHDL_1993          ;
; State Machine Processing                                                        ; Auto               ; Auto               ;
; Safe State Machine                                                              ; Off                ; Off                ;
; Extract Verilog State Machines                                                  ; On                 ; On                 ;
; Extract VHDL State Machines                                                     ; On                 ; On                 ;
; Ignore Verilog initial constructs                                               ; Off                ; Off                ;
; Iteration limit for constant Verilog loops                                      ; 5000               ; 5000               ;
; Iteration limit for non-constant Verilog loops                                  ; 250                ; 250                ;
; Add Pass-Through Logic to Inferred RAMs                                         ; On                 ; On                 ;
; Infer RAMs from Raw Logic                                                       ; On                 ; On                 ;
; Parallel Synthesis                                                              ; On                 ; On                 ;
; DSP Block Balancing                                                             ; Auto               ; Auto               ;
; NOT Gate Push-Back                                                              ; On                 ; On                 ;
; Power-Up Don't Care                                                             ; On                 ; On                 ;
; Remove Redundant Logic Cells                                                    ; Off                ; Off                ;
; Remove Duplicate Registers                                                      ; On                 ; On                 ;
; Ignore CARRY Buffers                                                            ; Off                ; Off                ;
; Ignore CASCADE Buffers                                                          ; Off                ; Off                ;
; Ignore GLOBAL Buffers                                                           ; Off                ; Off                ;
; Ignore ROW GLOBAL Buffers                                                       ; Off                ; Off                ;
; Ignore LCELL Buffers                                                            ; Off                ; Off                ;
; Ignore SOFT Buffers                                                             ; On                 ; On                 ;
; Limit AHDL Integers to 32 Bits                                                  ; Off                ; Off                ;
; Optimization Technique                                                          ; Balanced           ; Balanced           ;
; Carry Chain Length                                                              ; 70                 ; 70                 ;
; Auto Carry Chains                                                               ; On                 ; On                 ;
; Auto Open-Drain Pins                                                            ; On                 ; On                 ;
; Perform WYSIWYG Primitive Resynthesis                                           ; Off                ; Off                ;
; Auto ROM Replacement                                                            ; On                 ; On                 ;
; Auto RAM Replacement                                                            ; On                 ; On                 ;
; Auto DSP Block Replacement                                                      ; On                 ; On                 ;
; Auto Shift Register Replacement                                                 ; Auto               ; Auto               ;
; Allow Shift Register Merging across Hierarchies                                 ; Auto               ; Auto               ;
; Auto Clock Enable Replacement                                                   ; On                 ; On                 ;
; Strict RAM Replacement                                                          ; Off                ; Off                ;
; Allow Synchronous Control Signals                                               ; On                 ; On                 ;
; Force Use of Synchronous Clear Signals                                          ; Off                ; Off                ;
; Auto Resource Sharing                                                           ; Off                ; Off                ;
; Allow Any RAM Size For Recognition                                              ; Off                ; Off                ;
; Allow Any ROM Size For Recognition                                              ; Off                ; Off                ;
; Allow Any Shift Register Size For Recognition                                   ; Off                ; Off                ;
; Use LogicLock Constraints during Resource Balancing                             ; On                 ; On                 ;
; Ignore translate_off and synthesis_off directives                               ; Off                ; Off                ;
; Timing-Driven Synthesis                                                         ; On                 ; On                 ;
; Report Parameter Settings                                                       ; On                 ; On                 ;
; Report Source Assignments                                                       ; On                 ; On                 ;
; Report Connectivity Checks                                                      ; On                 ; On                 ;
; Ignore Maximum Fan-Out Assignments                                              ; Off                ; Off                ;
; Synchronization Register Chain Length                                           ; 3                  ; 3                  ;
; Power Optimization During Synthesis                                             ; Normal compilation ; Normal compilation ;
; HDL message level                                                               ; Level2             ; Level2             ;
; Suppress Register Optimization Related Messages                                 ; Off                ; Off                ;
; Number of Removed Registers Reported in Synthesis Report                        ; 5000               ; 5000               ;
; Number of Swept Nodes Reported in Synthesis Report                              ; 5000               ; 5000               ;
; Number of Inverted Registers Reported in Synthesis Report                       ; 100                ; 100                ;
; Clock MUX Protection                                                            ; On                 ; On                 ;
; Auto Gated Clock Conversion                                                     ; Off                ; Off                ;
; Block Design Naming                                                             ; Auto               ; Auto               ;
; SDC constraint protection                                                       ; Off                ; Off                ;
; Synthesis Effort                                                                ; Auto               ; Auto               ;
; Shift Register Replacement - Allow Asynchronous Clear Signal                    ; On                 ; On                 ;
; Pre-Mapping Resynthesis Optimization                                            ; Off                ; Off                ;
; Analysis & Synthesis Message Level                                              ; Medium             ; Medium             ;
; Disable Register Merging Across Hierarchies                                     ; Auto               ; Auto               ;
; Resource Aware Inference For Block RAM                                          ; On                 ; On                 ;
; Automatic Parallel Synthesis                                                    ; On                 ; On                 ;
; Partial Reconfiguration Bitstream ID                                            ; Off                ; Off                ;
+---------------------------------------------------------------------------------+--------------------+--------------------+


+------------------------------------------+
; Parallel Compilation                     ;
+----------------------------+-------------+
; Processors                 ; Number      ;
+----------------------------+-------------+
; Number detected on machine ; 8           ;
; Maximum allowed            ; 4           ;
;                            ;             ;
; Average used               ; 1.00        ;
; Maximum used               ; 1           ;
;                            ;             ;
; Usage by Processor         ; % Time Used ;
;     Processor 1            ; 100.0%      ;
+----------------------------+-------------+


+-----------------------------------------------------------------------------------------------------------------------------------------------------------------------------------------------------+
; Analysis & Synthesis Source Files Read                                                                                                                                                              ;
+----------------------------------+-----------------+------------------------------+-------------------------------------------------------------------------------------------------------+---------+
; File Name with User-Entered Path ; Used in Netlist ; File Type                    ; File Name with Absolute Path                                                                          ; Library ;
+----------------------------------+-----------------+------------------------------+-------------------------------------------------------------------------------------------------------+---------+
; and_gate.sv                      ; yes             ; User SystemVerilog HDL File  ; C:/Users/ErickOF/Documents/Git/Taller-de-Dise-o-Digital/Lab3 - Logica Combinacional/and_gate.sv       ;         ;
; or_gate.sv                       ; yes             ; User SystemVerilog HDL File  ; C:/Users/ErickOF/Documents/Git/Taller-de-Dise-o-Digital/Lab3 - Logica Combinacional/or_gate.sv        ;         ;
; xor_gate.sv                      ; yes             ; User SystemVerilog HDL File  ; C:/Users/ErickOF/Documents/Git/Taller-de-Dise-o-Digital/Lab3 - Logica Combinacional/xor_gate.sv       ;         ;
; ALU.sv                           ; yes             ; User SystemVerilog HDL File  ; C:/Users/ErickOF/Documents/Git/Taller-de-Dise-o-Digital/Lab3 - Logica Combinacional/ALU.sv            ;         ;
; fulladder.sv                     ; yes             ; User SystemVerilog HDL File  ; C:/Users/ErickOF/Documents/Git/Taller-de-Dise-o-Digital/Lab3 - Logica Combinacional/fulladder.sv      ;         ;
; mux_not.sv                       ; yes             ; User SystemVerilog HDL File  ; C:/Users/ErickOF/Documents/Git/Taller-de-Dise-o-Digital/Lab3 - Logica Combinacional/mux_not.sv        ;         ;
; sll.sv                           ; yes             ; User SystemVerilog HDL File  ; C:/Users/ErickOF/Documents/Git/Taller-de-Dise-o-Digital/Lab3 - Logica Combinacional/sll.sv            ;         ;
; slr.sv                           ; yes             ; User SystemVerilog HDL File  ; C:/Users/ErickOF/Documents/Git/Taller-de-Dise-o-Digital/Lab3 - Logica Combinacional/slr.sv            ;         ;
; mux_result.sv                    ; yes             ; User SystemVerilog HDL File  ; C:/Users/ErickOF/Documents/Git/Taller-de-Dise-o-Digital/Lab3 - Logica Combinacional/mux_result.sv     ;         ;
; flag_generator.sv                ; yes             ; User SystemVerilog HDL File  ; C:/Users/ErickOF/Documents/Git/Taller-de-Dise-o-Digital/Lab3 - Logica Combinacional/flag_generator.sv ;         ;
+----------------------------------+-----------------+------------------------------+-------------------------------------------------------------------------------------------------------+---------+


+-------------------------------------------------------------------+
; Analysis & Synthesis Resource Usage Summary                       ;
+---------------------------------------------+---------------------+
; Resource                                    ; Usage               ;
+---------------------------------------------+---------------------+
; Estimate of Logic utilization (ALMs needed) ; 10                  ;
;                                             ;                     ;
; Combinational ALUT usage for logic          ; 16                  ;
;     -- 7 input functions                    ; 0                   ;
;     -- 6 input functions                    ; 3                   ;
;     -- 5 input functions                    ; 7                   ;
;     -- 4 input functions                    ; 2                   ;
;     -- <=3 input functions                  ; 4                   ;
;                                             ;                     ;
; Dedicated logic registers                   ; 0                   ;
;                                             ;                     ;
; I/O pins                                    ; 17                  ;
;                                             ;                     ;
; Total DSP Blocks                            ; 0                   ;
;                                             ;                     ;
; Maximum fan-out node                        ; ALUControl[0]~input ;
; Maximum fan-out                             ; 8                   ;
; Total fan-out                               ; 95                  ;
; Average fan-out                             ; 1.90                ;
+---------------------------------------------+---------------------+


+--------------------------------------------------------------------------------------------------------------------------------------------------------------------------------------------------------------------------------+
; Analysis & Synthesis Resource Utilization by Entity                                                                                                                                                                            ;
+-------------------------------------------+---------------------+---------------------------+-------------------+------------+------+--------------+-------------------------------------------+----------------+--------------+
; Compilation Hierarchy Node                ; Combinational ALUTs ; Dedicated Logic Registers ; Block Memory Bits ; DSP Blocks ; Pins ; Virtual Pins ; Full Hierarchy Name                       ; Entity Name    ; Library Name ;
+-------------------------------------------+---------------------+---------------------------+-------------------+------------+------+--------------+-------------------------------------------+----------------+--------------+
; |ALU                                      ; 16 (0)              ; 0 (0)                     ; 0                 ; 0          ; 17   ; 0            ; |ALU                                      ; ALU            ; work         ;
;    |flag_generator:flag_generator_module| ; 2 (2)               ; 0 (0)                     ; 0                 ; 0          ; 0    ; 0            ; |ALU|flag_generator:flag_generator_module ; flag_generator ; work         ;
;    |mux_result:mux_result_module|         ; 14 (14)             ; 0 (0)                     ; 0                 ; 0          ; 0    ; 0            ; |ALU|mux_result:mux_result_module         ; mux_result     ; work         ;
+-------------------------------------------+---------------------+---------------------------+-------------------+------------+------+--------------+-------------------------------------------+----------------+--------------+
Note: For table entries with two numbers listed, the numbers in parentheses indicate the number of resources of the given type used by the specific entity alone. The numbers listed outside of parentheses indicate the total resources of the given type used by the specific entity and all of its sub-entities in the hierarchy.


+------------------------------------------------------+
; General Register Statistics                          ;
+----------------------------------------------+-------+
; Statistic                                    ; Value ;
+----------------------------------------------+-------+
; Total registers                              ; 0     ;
; Number of registers using Synchronous Clear  ; 0     ;
; Number of registers using Synchronous Load   ; 0     ;
; Number of registers using Asynchronous Clear ; 0     ;
; Number of registers using Asynchronous Load  ; 0     ;
; Number of registers using Clock Enable       ; 0     ;
; Number of registers using Preset             ; 0     ;
+----------------------------------------------+-------+


+---------------------------------------------------------------------+
; Parameter Settings for User Entity Instance: Top-level Entity: |ALU ;
+----------------+-------+--------------------------------------------+
; Parameter Name ; Value ; Type                                       ;
+----------------+-------+--------------------------------------------+
; n              ; 3     ; Signed Integer                             ;
+----------------+-------+--------------------------------------------+
Note: In order to hide this table in the UI and the text report file, please set the "Show Parameter Settings in Synthesis Report" option in "Analysis and Synthesis Settings -> More Settings" to "Off".


+------------------------------------------------------------------+
; Parameter Settings for User Entity Instance: and_gate:and_module ;
+----------------+-------+-----------------------------------------+
; Parameter Name ; Value ; Type                                    ;
+----------------+-------+-----------------------------------------+
; N              ; 3     ; Signed Integer                          ;
+----------------+-------+-----------------------------------------+
Note: In order to hide this table in the UI and the text report file, please set the "Show Parameter Settings in Synthesis Report" option in "Analysis and Synthesis Settings -> More Settings" to "Off".


+----------------------------------------------------------------+
; Parameter Settings for User Entity Instance: or_gate:or_module ;
+----------------+-------+---------------------------------------+
; Parameter Name ; Value ; Type                                  ;
+----------------+-------+---------------------------------------+
; N              ; 3     ; Signed Integer                        ;
+----------------+-------+---------------------------------------+
Note: In order to hide this table in the UI and the text report file, please set the "Show Parameter Settings in Synthesis Report" option in "Analysis and Synthesis Settings -> More Settings" to "Off".


+------------------------------------------------------------------+
; Parameter Settings for User Entity Instance: xor_gate:xor_module ;
+----------------+-------+-----------------------------------------+
; Parameter Name ; Value ; Type                                    ;
+----------------+-------+-----------------------------------------+
; N              ; 3     ; Signed Integer                          ;
+----------------+-------+-----------------------------------------+
Note: In order to hide this table in the UI and the text report file, please set the "Show Parameter Settings in Synthesis Report" option in "Analysis and Synthesis Settings -> More Settings" to "Off".


+---------------------------------------------------------------------+
; Parameter Settings for User Entity Instance: mux_not:mux_not_module ;
+----------------+-------+--------------------------------------------+
; Parameter Name ; Value ; Type                                       ;
+----------------+-------+--------------------------------------------+
; N              ; 3     ; Signed Integer                             ;
+----------------+-------+--------------------------------------------+
Note: In order to hide this table in the UI and the text report file, please set the "Show Parameter Settings in Synthesis Report" option in "Analysis and Synthesis Settings -> More Settings" to "Off".


+-------------------------------------------------------------------------+
; Parameter Settings for User Entity Instance: fulladder:fulladder_module ;
+----------------+-------+------------------------------------------------+
; Parameter Name ; Value ; Type                                           ;
+----------------+-------+------------------------------------------------+
; N              ; 3     ; Signed Integer                                 ;
+----------------+-------+------------------------------------------------+
Note: In order to hide this table in the UI and the text report file, please set the "Show Parameter Settings in Synthesis Report" option in "Analysis and Synthesis Settings -> More Settings" to "Off".


+-------------------------------------------------------------+
; Parameter Settings for User Entity Instance: slr:slr_module ;
+----------------+-------+------------------------------------+
; Parameter Name ; Value ; Type                               ;
+----------------+-------+------------------------------------+
; N              ; 3     ; Signed Integer                     ;
+----------------+-------+------------------------------------+
Note: In order to hide this table in the UI and the text report file, please set the "Show Parameter Settings in Synthesis Report" option in "Analysis and Synthesis Settings -> More Settings" to "Off".


+-------------------------------------------------------------+
; Parameter Settings for User Entity Instance: sll:sll_module ;
+----------------+-------+------------------------------------+
; Parameter Name ; Value ; Type                               ;
+----------------+-------+------------------------------------+
; N              ; 3     ; Signed Integer                     ;
+----------------+-------+------------------------------------+
Note: In order to hide this table in the UI and the text report file, please set the "Show Parameter Settings in Synthesis Report" option in "Analysis and Synthesis Settings -> More Settings" to "Off".


+---------------------------------------------------------------------------+
; Parameter Settings for User Entity Instance: mux_result:mux_result_module ;
+----------------+-------+--------------------------------------------------+
; Parameter Name ; Value ; Type                                             ;
+----------------+-------+--------------------------------------------------+
; N              ; 3     ; Signed Integer                                   ;
+----------------+-------+--------------------------------------------------+
Note: In order to hide this table in the UI and the text report file, please set the "Show Parameter Settings in Synthesis Report" option in "Analysis and Synthesis Settings -> More Settings" to "Off".


+-----------------------------------------------------------------------------------+
; Parameter Settings for User Entity Instance: flag_generator:flag_generator_module ;
+----------------+-------+----------------------------------------------------------+
; Parameter Name ; Value ; Type                                                     ;
+----------------+-------+----------------------------------------------------------+
; n              ; 3     ; Signed Integer                                           ;
+----------------+-------+----------------------------------------------------------+
Note: In order to hide this table in the UI and the text report file, please set the "Show Parameter Settings in Synthesis Report" option in "Analysis and Synthesis Settings -> More Settings" to "Off".


+-----------------------------------------------------+
; Post-Synthesis Netlist Statistics for Top Partition ;
+-----------------------+-----------------------------+
; Type                  ; Count                       ;
+-----------------------+-----------------------------+
; arriav_lcell_comb     ; 18                          ;
;     normal            ; 18                          ;
;         0 data inputs ; 1                           ;
;         1 data inputs ; 1                           ;
;         2 data inputs ; 1                           ;
;         3 data inputs ; 3                           ;
;         4 data inputs ; 2                           ;
;         5 data inputs ; 7                           ;
;         6 data inputs ; 3                           ;
; boundary_port         ; 17                          ;
;                       ;                             ;
; Max LUT depth         ; 4.00                        ;
; Average LUT depth     ; 3.79                        ;
+-----------------------+-----------------------------+


+-------------------------------+
; Elapsed Time Per Partition    ;
+----------------+--------------+
; Partition Name ; Elapsed Time ;
+----------------+--------------+
; Top            ; 00:00:00     ;
+----------------+--------------+


+-------------------------------+
; Analysis & Synthesis Messages ;
+-------------------------------+
Info: *******************************************************************
Info: Running Quartus Prime Analysis & Synthesis
    Info: Version 18.1.0 Build 625 09/12/2018 SJ Lite Edition
    Info: Processing started: Wed Sep 04 00:08:12 2019
Info: Command: quartus_map --read_settings_files=on --write_settings_files=off Lab3 -c Lab3
Warning (18236): Number of processors has not been specified which may cause overloading on shared machines.  Set the global assignment NUM_PARALLEL_PROCESSORS in your QSF to an appropriate value for best performance.
Info (20030): Parallel compilation is enabled and will use 4 of the 4 processors detected
Info (12021): Found 1 design units, including 1 entities, in source file and_gate.sv
    Info (12023): Found entity 1: and_gate File: C:/Users/ErickOF/Documents/Git/Taller-de-Dise-o-Digital/Lab3 - Logica Combinacional/and_gate.sv Line: 1
Info (12021): Found 1 design units, including 1 entities, in source file or_gate.sv
    Info (12023): Found entity 1: or_gate File: C:/Users/ErickOF/Documents/Git/Taller-de-Dise-o-Digital/Lab3 - Logica Combinacional/or_gate.sv Line: 1
Info (12021): Found 1 design units, including 1 entities, in source file xor_gate.sv
    Info (12023): Found entity 1: xor_gate File: C:/Users/ErickOF/Documents/Git/Taller-de-Dise-o-Digital/Lab3 - Logica Combinacional/xor_gate.sv Line: 1
Info (12021): Found 1 design units, including 1 entities, in source file alu.sv
    Info (12023): Found entity 1: ALU File: C:/Users/ErickOF/Documents/Git/Taller-de-Dise-o-Digital/Lab3 - Logica Combinacional/ALU.sv Line: 1
Info (12021): Found 1 design units, including 1 entities, in source file fulladder.sv
    Info (12023): Found entity 1: fulladder File: C:/Users/ErickOF/Documents/Git/Taller-de-Dise-o-Digital/Lab3 - Logica Combinacional/fulladder.sv Line: 1
Info (12021): Found 1 design units, including 1 entities, in source file mux_not.sv
    Info (12023): Found entity 1: mux_not File: C:/Users/ErickOF/Documents/Git/Taller-de-Dise-o-Digital/Lab3 - Logica Combinacional/mux_not.sv Line: 1
Info (12021): Found 1 design units, including 1 entities, in source file mux_not_test.sv
    Info (12023): Found entity 1: mux_not_test File: C:/Users/ErickOF/Documents/Git/Taller-de-Dise-o-Digital/Lab3 - Logica Combinacional/mux_not_test.sv Line: 1
Info (12021): Found 1 design units, including 1 entities, in source file sll.sv
    Info (12023): Found entity 1: sll File: C:/Users/ErickOF/Documents/Git/Taller-de-Dise-o-Digital/Lab3 - Logica Combinacional/sll.sv Line: 1
Info (12021): Found 1 design units, including 1 entities, in source file slr.sv
    Info (12023): Found entity 1: slr File: C:/Users/ErickOF/Documents/Git/Taller-de-Dise-o-Digital/Lab3 - Logica Combinacional/slr.sv Line: 1
Info (12021): Found 1 design units, including 1 entities, in source file mux_result.sv
    Info (12023): Found entity 1: mux_result File: C:/Users/ErickOF/Documents/Git/Taller-de-Dise-o-Digital/Lab3 - Logica Combinacional/mux_result.sv Line: 1
Info (12021): Found 1 design units, including 1 entities, in source file flag_generator.sv
    Info (12023): Found entity 1: flag_generator File: C:/Users/ErickOF/Documents/Git/Taller-de-Dise-o-Digital/Lab3 - Logica Combinacional/flag_generator.sv Line: 1
Info (12127): Elaborating entity "ALU" for the top level hierarchy
Info (12128): Elaborating entity "and_gate" for hierarchy "and_gate:and_module" File: C:/Users/ErickOF/Documents/Git/Taller-de-Dise-o-Digital/Lab3 - Logica Combinacional/ALU.sv Line: 18
Info (12128): Elaborating entity "or_gate" for hierarchy "or_gate:or_module" File: C:/Users/ErickOF/Documents/Git/Taller-de-Dise-o-Digital/Lab3 - Logica Combinacional/ALU.sv Line: 19
Info (12128): Elaborating entity "xor_gate" for hierarchy "xor_gate:xor_module" File: C:/Users/ErickOF/Documents/Git/Taller-de-Dise-o-Digital/Lab3 - Logica Combinacional/ALU.sv Line: 20
Info (12128): Elaborating entity "mux_not" for hierarchy "mux_not:mux_not_module" File: C:/Users/ErickOF/Documents/Git/Taller-de-Dise-o-Digital/Lab3 - Logica Combinacional/ALU.sv Line: 21
Info (12128): Elaborating entity "fulladder" for hierarchy "fulladder:fulladder_module" File: C:/Users/ErickOF/Documents/Git/Taller-de-Dise-o-Digital/Lab3 - Logica Combinacional/ALU.sv Line: 22
Info (12128): Elaborating entity "slr" for hierarchy "slr:slr_module" File: C:/Users/ErickOF/Documents/Git/Taller-de-Dise-o-Digital/Lab3 - Logica Combinacional/ALU.sv Line: 23
Info (12128): Elaborating entity "sll" for hierarchy "sll:sll_module" File: C:/Users/ErickOF/Documents/Git/Taller-de-Dise-o-Digital/Lab3 - Logica Combinacional/ALU.sv Line: 24
Info (12128): Elaborating entity "mux_result" for hierarchy "mux_result:mux_result_module" File: C:/Users/ErickOF/Documents/Git/Taller-de-Dise-o-Digital/Lab3 - Logica Combinacional/ALU.sv Line: 25
Info (12128): Elaborating entity "flag_generator" for hierarchy "flag_generator:flag_generator_module" File: C:/Users/ErickOF/Documents/Git/Taller-de-Dise-o-Digital/Lab3 - Logica Combinacional/ALU.sv Line: 26
Warning (10858): Verilog HDL warning at flag_generator.sv(7): object result_v used but never assigned File: C:/Users/ErickOF/Documents/Git/Taller-de-Dise-o-Digital/Lab3 - Logica Combinacional/flag_generator.sv Line: 7
Warning (10030): Net "result_v" at flag_generator.sv(7) has no driver or initial value, using a default initial value '0' File: C:/Users/ErickOF/Documents/Git/Taller-de-Dise-o-Digital/Lab3 - Logica Combinacional/flag_generator.sv Line: 7
Warning (13024): Output pins are stuck at VCC or GND
    Warning (13410): Pin "V" is stuck at GND File: C:/Users/ErickOF/Documents/Git/Taller-de-Dise-o-Digital/Lab3 - Logica Combinacional/ALU.sv Line: 5
Info (286030): Timing-Driven Synthesis is running
Info (144001): Generated suppressed messages file C:/Users/ErickOF/Documents/Git/Taller-de-Dise-o-Digital/Lab3 - Logica Combinacional/output_files/Lab3.map.smsg
Info (16010): Generating hard_block partition "hard_block:auto_generated_inst"
    Info (16011): Adding 0 node(s), including 0 DDIO, 0 PLL, 0 transceiver and 0 LCELL
Info (21057): Implemented 33 device resources after synthesis - the final resource count might be different
    Info (21058): Implemented 10 input pins
    Info (21059): Implemented 7 output pins
    Info (21061): Implemented 16 logic cells
Info: Quartus Prime Analysis & Synthesis was successful. 0 errors, 5 warnings
    Info: Peak virtual memory: 4820 megabytes
    Info: Processing ended: Wed Sep 04 00:08:24 2019
    Info: Elapsed time: 00:00:12
    Info: Total CPU time (on all processors): 00:00:25


+------------------------------------------+
; Analysis & Synthesis Suppressed Messages ;
+------------------------------------------+
The suppressed messages can be found in C:/Users/ErickOF/Documents/Git/Taller-de-Dise-o-Digital/Lab3 - Logica Combinacional/output_files/Lab3.map.smsg.


