Analysis & Synthesis report for Lab4
Thu Oct 10 12:06:42 2019
Quartus Prime Version 17.1.0 Build 590 10/25/2017 SJ Lite Edition


---------------------
; Table of Contents ;
---------------------
  1. Legal Notice
  2. Analysis & Synthesis Summary
  3. Analysis & Synthesis Settings
  4. Parallel Compilation
  5. Analysis & Synthesis Source Files Read
  6. Analysis & Synthesis Resource Usage Summary
  7. Analysis & Synthesis Resource Utilization by Entity
  8. General Register Statistics
  9. Parameter Settings for User Entity Instance: ClockDivider:clock_divider
 10. Port Connectivity Checks: "VGAController:DUT|Comparator:maxscreenv_comparator"
 11. Port Connectivity Checks: "VGAController:DUT|Comparator:vmax_comparator"
 12. Port Connectivity Checks: "VGAController:DUT|Comparator:vmin_comparator"
 13. Port Connectivity Checks: "VGAController:DUT|Comparator:maxscreenh_comparator"
 14. Port Connectivity Checks: "VGAController:DUT|Comparator:hmax_comparator"
 15. Port Connectivity Checks: "VGAController:DUT|Comparator:hmin_comparator"
 16. Port Connectivity Checks: "VGAController:DUT"
 17. Post-Synthesis Netlist Statistics for Top Partition
 18. Elapsed Time Per Partition
 19. Analysis & Synthesis Messages
 20. Analysis & Synthesis Suppressed Messages



----------------
; Legal Notice ;
----------------
Copyright (C) 2017  Intel Corporation. All rights reserved.
Your use of Intel Corporation's design tools, logic functions 
and other software and tools, and its AMPP partner logic 
functions, and any output files from any of the foregoing 
(including device programming or simulation files), and any 
associated documentation or information are expressly subject 
to the terms and conditions of the Intel Program License 
Subscription Agreement, the Intel Quartus Prime License Agreement,
the Intel FPGA IP License Agreement, or other applicable license
agreement, including, without limitation, that your use is for
the sole purpose of programming logic devices manufactured by
Intel and sold by Intel or its authorized distributors.  Please
refer to the applicable agreement for further details.



+-------------------------------------------------------------------------------+
; Analysis & Synthesis Summary                                                  ;
+---------------------------------+---------------------------------------------+
; Analysis & Synthesis Status     ; Successful - Thu Oct 10 12:06:42 2019       ;
; Quartus Prime Version           ; 17.1.0 Build 590 10/25/2017 SJ Lite Edition ;
; Revision Name                   ; Lab4                                        ;
; Top-level Entity Name           ; TicTacToe                                   ;
; Family                          ; Cyclone V                                   ;
; Logic utilization (in ALMs)     ; N/A                                         ;
; Total registers                 ; 48                                          ;
; Total pins                      ; 30                                          ;
; Total virtual pins              ; 0                                           ;
; Total block memory bits         ; 0                                           ;
; Total DSP Blocks                ; 0                                           ;
; Total HSSI RX PCSs              ; 0                                           ;
; Total HSSI PMA RX Deserializers ; 0                                           ;
; Total HSSI TX PCSs              ; 0                                           ;
; Total HSSI PMA TX Serializers   ; 0                                           ;
; Total PLLs                      ; 0                                           ;
; Total DLLs                      ; 0                                           ;
+---------------------------------+---------------------------------------------+


+---------------------------------------------------------------------------------------------------------------------------+
; Analysis & Synthesis Settings                                                                                             ;
+---------------------------------------------------------------------------------+--------------------+--------------------+
; Option                                                                          ; Setting            ; Default Value      ;
+---------------------------------------------------------------------------------+--------------------+--------------------+
; Device                                                                          ; 5CSEMA5F31C6       ;                    ;
; Top-level entity name                                                           ; TicTacToe          ; Lab4               ;
; Family name                                                                     ; Cyclone V          ; Cyclone V          ;
; Use smart compilation                                                           ; Off                ; Off                ;
; Enable parallel Assembler and TimeQuest Timing Analyzer during compilation      ; On                 ; On                 ;
; Enable compact report table                                                     ; Off                ; Off                ;
; Restructure Multiplexers                                                        ; Auto               ; Auto               ;
; MLAB Add Timing Constraints For Mixed-Port Feed-Through Mode Setting Don't Care ; Off                ; Off                ;
; Create Debugging Nodes for IP Cores                                             ; Off                ; Off                ;
; Preserve fewer node names                                                       ; On                 ; On                 ;
; Intel FPGA IP Evaluation Mode                                                   ; Enable             ; Enable             ;
; Verilog Version                                                                 ; Verilog_2001       ; Verilog_2001       ;
; VHDL Version                                                                    ; VHDL_1993          ; VHDL_1993          ;
; State Machine Processing                                                        ; Auto               ; Auto               ;
; Safe State Machine                                                              ; Off                ; Off                ;
; Extract Verilog State Machines                                                  ; On                 ; On                 ;
; Extract VHDL State Machines                                                     ; On                 ; On                 ;
; Ignore Verilog initial constructs                                               ; Off                ; Off                ;
; Iteration limit for constant Verilog loops                                      ; 5000               ; 5000               ;
; Iteration limit for non-constant Verilog loops                                  ; 250                ; 250                ;
; Add Pass-Through Logic to Inferred RAMs                                         ; On                 ; On                 ;
; Infer RAMs from Raw Logic                                                       ; On                 ; On                 ;
; Parallel Synthesis                                                              ; On                 ; On                 ;
; DSP Block Balancing                                                             ; Auto               ; Auto               ;
; NOT Gate Push-Back                                                              ; On                 ; On                 ;
; Power-Up Don't Care                                                             ; On                 ; On                 ;
; Remove Redundant Logic Cells                                                    ; Off                ; Off                ;
; Remove Duplicate Registers                                                      ; On                 ; On                 ;
; Ignore CARRY Buffers                                                            ; Off                ; Off                ;
; Ignore CASCADE Buffers                                                          ; Off                ; Off                ;
; Ignore GLOBAL Buffers                                                           ; Off                ; Off                ;
; Ignore ROW GLOBAL Buffers                                                       ; Off                ; Off                ;
; Ignore LCELL Buffers                                                            ; Off                ; Off                ;
; Ignore SOFT Buffers                                                             ; On                 ; On                 ;
; Limit AHDL Integers to 32 Bits                                                  ; Off                ; Off                ;
; Optimization Technique                                                          ; Balanced           ; Balanced           ;
; Carry Chain Length                                                              ; 70                 ; 70                 ;
; Auto Carry Chains                                                               ; On                 ; On                 ;
; Auto Open-Drain Pins                                                            ; On                 ; On                 ;
; Perform WYSIWYG Primitive Resynthesis                                           ; Off                ; Off                ;
; Auto ROM Replacement                                                            ; On                 ; On                 ;
; Auto RAM Replacement                                                            ; On                 ; On                 ;
; Auto DSP Block Replacement                                                      ; On                 ; On                 ;
; Auto Shift Register Replacement                                                 ; Auto               ; Auto               ;
; Allow Shift Register Merging across Hierarchies                                 ; Auto               ; Auto               ;
; Auto Clock Enable Replacement                                                   ; On                 ; On                 ;
; Strict RAM Replacement                                                          ; Off                ; Off                ;
; Allow Synchronous Control Signals                                               ; On                 ; On                 ;
; Force Use of Synchronous Clear Signals                                          ; Off                ; Off                ;
; Auto Resource Sharing                                                           ; Off                ; Off                ;
; Allow Any RAM Size For Recognition                                              ; Off                ; Off                ;
; Allow Any ROM Size For Recognition                                              ; Off                ; Off                ;
; Allow Any Shift Register Size For Recognition                                   ; Off                ; Off                ;
; Use LogicLock Constraints during Resource Balancing                             ; On                 ; On                 ;
; Ignore translate_off and synthesis_off directives                               ; Off                ; Off                ;
; Timing-Driven Synthesis                                                         ; On                 ; On                 ;
; Report Parameter Settings                                                       ; On                 ; On                 ;
; Report Source Assignments                                                       ; On                 ; On                 ;
; Report Connectivity Checks                                                      ; On                 ; On                 ;
; Ignore Maximum Fan-Out Assignments                                              ; Off                ; Off                ;
; Synchronization Register Chain Length                                           ; 3                  ; 3                  ;
; Power Optimization During Synthesis                                             ; Normal compilation ; Normal compilation ;
; HDL message level                                                               ; Level2             ; Level2             ;
; Suppress Register Optimization Related Messages                                 ; Off                ; Off                ;
; Number of Removed Registers Reported in Synthesis Report                        ; 5000               ; 5000               ;
; Number of Swept Nodes Reported in Synthesis Report                              ; 5000               ; 5000               ;
; Number of Inverted Registers Reported in Synthesis Report                       ; 100                ; 100                ;
; Clock MUX Protection                                                            ; On                 ; On                 ;
; Auto Gated Clock Conversion                                                     ; Off                ; Off                ;
; Block Design Naming                                                             ; Auto               ; Auto               ;
; SDC constraint protection                                                       ; Off                ; Off                ;
; Synthesis Effort                                                                ; Auto               ; Auto               ;
; Shift Register Replacement - Allow Asynchronous Clear Signal                    ; On                 ; On                 ;
; Pre-Mapping Resynthesis Optimization                                            ; Off                ; Off                ;
; Analysis & Synthesis Message Level                                              ; Medium             ; Medium             ;
; Disable Register Merging Across Hierarchies                                     ; Auto               ; Auto               ;
; Resource Aware Inference For Block RAM                                          ; On                 ; On                 ;
; Automatic Parallel Synthesis                                                    ; On                 ; On                 ;
; Partial Reconfiguration Bitstream ID                                            ; Off                ; Off                ;
+---------------------------------------------------------------------------------+--------------------+--------------------+


+------------------------------------------+
; Parallel Compilation                     ;
+----------------------------+-------------+
; Processors                 ; Number      ;
+----------------------------+-------------+
; Number detected on machine ; 8           ;
; Maximum allowed            ; 4           ;
;                            ;             ;
; Average used               ; 1.00        ;
; Maximum used               ; 4           ;
;                            ;             ;
; Usage by Processor         ; % Time Used ;
;     Processor 1            ; 100.0%      ;
;     Processors 2-4         ;   0.0%      ;
+----------------------------+-------------+


+-----------------------------------------------------------------------------------------------------------------------------------------------------------------------------------------------------------------+
; Analysis & Synthesis Source Files Read                                                                                                                                                                          ;
+----------------------------------+-----------------+------------------------------+-------------------------------------------------------------------------------------------------------------------+---------+
; File Name with User-Entered Path ; Used in Netlist ; File Type                    ; File Name with Absolute Path                                                                                      ; Library ;
+----------------------------------+-----------------+------------------------------+-------------------------------------------------------------------------------------------------------------------+---------+
; Comparator.sv                    ; yes             ; User SystemVerilog HDL File  ; C:/Users/user/Downloads/Taller-de-Dise-o-Digital-master/Lab4 - Logica Secuencial y Controladores/Comparator.sv    ;         ;
; VGAController.sv                 ; yes             ; User SystemVerilog HDL File  ; C:/Users/user/Downloads/Taller-de-Dise-o-Digital-master/Lab4 - Logica Secuencial y Controladores/VGAController.sv ;         ;
; ClockDivider.sv                  ; yes             ; User SystemVerilog HDL File  ; C:/Users/user/Downloads/Taller-de-Dise-o-Digital-master/Lab4 - Logica Secuencial y Controladores/ClockDivider.sv  ;         ;
; Counter.sv                       ; yes             ; User SystemVerilog HDL File  ; C:/Users/user/Downloads/Taller-de-Dise-o-Digital-master/Lab4 - Logica Secuencial y Controladores/Counter.sv       ;         ;
; TicTacToe.sv                     ; yes             ; User SystemVerilog HDL File  ; C:/Users/user/Downloads/Taller-de-Dise-o-Digital-master/Lab4 - Logica Secuencial y Controladores/TicTacToe.sv     ;         ;
+----------------------------------+-----------------+------------------------------+-------------------------------------------------------------------------------------------------------------------+---------+


+-----------------------------------------------------+
; Analysis & Synthesis Resource Usage Summary         ;
+---------------------------------------------+-------+
; Resource                                    ; Usage ;
+---------------------------------------------+-------+
; Estimate of Logic utilization (ALMs needed) ; 37    ;
;                                             ;       ;
; Combinational ALUT usage for logic          ; 68    ;
;     -- 7 input functions                    ; 1     ;
;     -- 6 input functions                    ; 5     ;
;     -- 5 input functions                    ; 6     ;
;     -- 4 input functions                    ; 4     ;
;     -- <=3 input functions                  ; 52    ;
;                                             ;       ;
; Dedicated logic registers                   ; 48    ;
;                                             ;       ;
; I/O pins                                    ; 30    ;
;                                             ;       ;
; Total DSP Blocks                            ; 0     ;
;                                             ;       ;
; Maximum fan-out node                        ; rtl~0 ;
; Maximum fan-out                             ; 39    ;
; Total fan-out                               ; 367   ;
; Average fan-out                             ; 2.09  ;
+---------------------------------------------+-------+


+--------------------------------------------------------------------------------------------------------------------------------------------------------------------------------------------------------------------------------------------------+
; Analysis & Synthesis Resource Utilization by Entity                                                                                                                                                                                              ;
+------------------------------------------+---------------------+---------------------------+-------------------+------------+------+--------------+---------------------------------------------------------------+---------------+--------------+
; Compilation Hierarchy Node               ; Combinational ALUTs ; Dedicated Logic Registers ; Block Memory Bits ; DSP Blocks ; Pins ; Virtual Pins ; Full Hierarchy Name                                           ; Entity Name   ; Library Name ;
+------------------------------------------+---------------------+---------------------------+-------------------+------------+------+--------------+---------------------------------------------------------------+---------------+--------------+
; |TicTacToe                               ; 68 (1)              ; 48 (0)                    ; 0                 ; 0          ; 30   ; 0            ; |TicTacToe                                                    ; TicTacToe     ; work         ;
;    |ClockDivider:clock_divider|          ; 33 (33)             ; 28 (28)                   ; 0                 ; 0          ; 0    ; 0            ; |TicTacToe|ClockDivider:clock_divider                         ; ClockDivider  ; work         ;
;    |VGAController:DUT|                   ; 34 (8)              ; 20 (0)                    ; 0                 ; 0          ; 0    ; 0            ; |TicTacToe|VGAController:DUT                                  ; VGAController ; work         ;
;       |Comparator:hmax_comparator|       ; 1 (1)               ; 0 (0)                     ; 0                 ; 0          ; 0    ; 0            ; |TicTacToe|VGAController:DUT|Comparator:hmax_comparator       ; Comparator    ; work         ;
;       |Comparator:maxscreenh_comparator| ; 3 (3)               ; 0 (0)                     ; 0                 ; 0          ; 0    ; 0            ; |TicTacToe|VGAController:DUT|Comparator:maxscreenh_comparator ; Comparator    ; work         ;
;       |Comparator:maxscreenv_comparator| ; 2 (2)               ; 0 (0)                     ; 0                 ; 0          ; 0    ; 0            ; |TicTacToe|VGAController:DUT|Comparator:maxscreenv_comparator ; Comparator    ; work         ;
;       |Counter:h_counter|                ; 10 (10)             ; 10 (10)                   ; 0                 ; 0          ; 0    ; 0            ; |TicTacToe|VGAController:DUT|Counter:h_counter                ; Counter       ; work         ;
;       |Counter:v_counter|                ; 10 (10)             ; 10 (10)                   ; 0                 ; 0          ; 0    ; 0            ; |TicTacToe|VGAController:DUT|Counter:v_counter                ; Counter       ; work         ;
+------------------------------------------+---------------------+---------------------------+-------------------+------------+------+--------------+---------------------------------------------------------------+---------------+--------------+
Note: For table entries with two numbers listed, the numbers in parentheses indicate the number of resources of the given type used by the specific entity alone. The numbers listed outside of parentheses indicate the total resources of the given type used by the specific entity and all of its sub-entities in the hierarchy.


+------------------------------------------------------+
; General Register Statistics                          ;
+----------------------------------------------+-------+
; Statistic                                    ; Value ;
+----------------------------------------------+-------+
; Total registers                              ; 48    ;
; Number of registers using Synchronous Clear  ; 28    ;
; Number of registers using Synchronous Load   ; 0     ;
; Number of registers using Asynchronous Clear ; 20    ;
; Number of registers using Asynchronous Load  ; 0     ;
; Number of registers using Clock Enable       ; 0     ;
; Number of registers using Preset             ; 0     ;
+----------------------------------------------+-------+


+-------------------------------------------------------------------------+
; Parameter Settings for User Entity Instance: ClockDivider:clock_divider ;
+----------------+------------------------------+-------------------------+
; Parameter Name ; Value                        ; Type                    ;
+----------------+------------------------------+-------------------------+
; DIVISOR        ; 0000000000000000000000000010 ; Unsigned Binary         ;
+----------------+------------------------------+-------------------------+
Note: In order to hide this table in the UI and the text report file, please set the "Show Parameter Settings in Synthesis Report" option in "Analysis and Synthesis Settings -> More Settings" to "Off".


+------------------------------------------------------------------------------------------------------------------------------------------------------------------------------------------------------------------------+
; Port Connectivity Checks: "VGAController:DUT|Comparator:maxscreenv_comparator"                                                                                                                                         ;
+---------------+-------+----------+-------------------------------------------------------------------------------------------------------------------------------------------------------------------------------------+
; Port          ; Type  ; Severity ; Details                                                                                                                                                                             ;
+---------------+-------+----------+-------------------------------------------------------------------------------------------------------------------------------------------------------------------------------------+
; signal2       ; Input ; Warning  ; Input port expression (32 bits) is wider than the input port (10 bits) it drives.  The 22 most-significant bit(s) in the expression will be dangling if they have no other fanouts. ;
; signal2[3..2] ; Input ; Info     ; Stuck at VCC                                                                                                                                                                        ;
; signal2[8..4] ; Input ; Info     ; Stuck at GND                                                                                                                                                                        ;
; signal2[1..0] ; Input ; Info     ; Stuck at GND                                                                                                                                                                        ;
; signal2[9]    ; Input ; Info     ; Stuck at VCC                                                                                                                                                                        ;
+---------------+-------+----------+-------------------------------------------------------------------------------------------------------------------------------------------------------------------------------------+


+------------------------------------------------------------------------------------------------------------------------------------------------------------------------------------------------------------------------+
; Port Connectivity Checks: "VGAController:DUT|Comparator:vmax_comparator"                                                                                                                                               ;
+---------------+-------+----------+-------------------------------------------------------------------------------------------------------------------------------------------------------------------------------------+
; Port          ; Type  ; Severity ; Details                                                                                                                                                                             ;
+---------------+-------+----------+-------------------------------------------------------------------------------------------------------------------------------------------------------------------------------------+
; signal2       ; Input ; Warning  ; Input port expression (32 bits) is wider than the input port (10 bits) it drives.  The 22 most-significant bit(s) in the expression will be dangling if they have no other fanouts. ;
; signal2[8..2] ; Input ; Info     ; Stuck at GND                                                                                                                                                                        ;
; signal2[9]    ; Input ; Info     ; Stuck at VCC                                                                                                                                                                        ;
; signal2[1]    ; Input ; Info     ; Stuck at VCC                                                                                                                                                                        ;
; signal2[0]    ; Input ; Info     ; Stuck at GND                                                                                                                                                                        ;
+---------------+-------+----------+-------------------------------------------------------------------------------------------------------------------------------------------------------------------------------------+


+------------------------------------------------------------------------------------------------------------------------------------------------------------------------------------------------------------------------+
; Port Connectivity Checks: "VGAController:DUT|Comparator:vmin_comparator"                                                                                                                                               ;
+---------------+-------+----------+-------------------------------------------------------------------------------------------------------------------------------------------------------------------------------------+
; Port          ; Type  ; Severity ; Details                                                                                                                                                                             ;
+---------------+-------+----------+-------------------------------------------------------------------------------------------------------------------------------------------------------------------------------------+
; signal2       ; Input ; Warning  ; Input port expression (32 bits) is wider than the input port (10 bits) it drives.  The 22 most-significant bit(s) in the expression will be dangling if they have no other fanouts. ;
; signal2[9..6] ; Input ; Info     ; Stuck at GND                                                                                                                                                                        ;
; signal2[4..2] ; Input ; Info     ; Stuck at GND                                                                                                                                                                        ;
; signal2[5]    ; Input ; Info     ; Stuck at VCC                                                                                                                                                                        ;
; signal2[1]    ; Input ; Info     ; Stuck at VCC                                                                                                                                                                        ;
; signal2[0]    ; Input ; Info     ; Stuck at GND                                                                                                                                                                        ;
+---------------+-------+----------+-------------------------------------------------------------------------------------------------------------------------------------------------------------------------------------+


+------------------------------------------------------------------------------------------------------------------------------------------------------------------------------------------------------------------------+
; Port Connectivity Checks: "VGAController:DUT|Comparator:maxscreenh_comparator"                                                                                                                                         ;
+---------------+-------+----------+-------------------------------------------------------------------------------------------------------------------------------------------------------------------------------------+
; Port          ; Type  ; Severity ; Details                                                                                                                                                                             ;
+---------------+-------+----------+-------------------------------------------------------------------------------------------------------------------------------------------------------------------------------------+
; signal2       ; Input ; Warning  ; Input port expression (32 bits) is wider than the input port (10 bits) it drives.  The 22 most-significant bit(s) in the expression will be dangling if they have no other fanouts. ;
; signal2[9..8] ; Input ; Info     ; Stuck at VCC                                                                                                                                                                        ;
; signal2[4..0] ; Input ; Info     ; Stuck at VCC                                                                                                                                                                        ;
; signal2[7..5] ; Input ; Info     ; Stuck at GND                                                                                                                                                                        ;
+---------------+-------+----------+-------------------------------------------------------------------------------------------------------------------------------------------------------------------------------------+


+-------------------------------------------------------------------------------------------------------------------------------------------------------------------------------------------------------------------------+
; Port Connectivity Checks: "VGAController:DUT|Comparator:hmax_comparator"                                                                                                                                                ;
+---------------+--------+----------+-------------------------------------------------------------------------------------------------------------------------------------------------------------------------------------+
; Port          ; Type   ; Severity ; Details                                                                                                                                                                             ;
+---------------+--------+----------+-------------------------------------------------------------------------------------------------------------------------------------------------------------------------------------+
; signal2       ; Input  ; Warning  ; Input port expression (32 bits) is wider than the input port (10 bits) it drives.  The 22 most-significant bit(s) in the expression will be dangling if they have no other fanouts. ;
; signal2[9..8] ; Input  ; Info     ; Stuck at VCC                                                                                                                                                                        ;
; signal2[3..0] ; Input  ; Info     ; Stuck at VCC                                                                                                                                                                        ;
; signal2[7..4] ; Input  ; Info     ; Stuck at GND                                                                                                                                                                        ;
; greater       ; Output ; Info     ; Connected to dangling logic. Logic that only feeds a dangling port will be removed.                                                                                                 ;
+---------------+--------+----------+-------------------------------------------------------------------------------------------------------------------------------------------------------------------------------------+


+-------------------------------------------------------------------------------------------------------------------------------------------------------------------------------------------------------------------------+
; Port Connectivity Checks: "VGAController:DUT|Comparator:hmin_comparator"                                                                                                                                                ;
+---------------+--------+----------+-------------------------------------------------------------------------------------------------------------------------------------------------------------------------------------+
; Port          ; Type   ; Severity ; Details                                                                                                                                                                             ;
+---------------+--------+----------+-------------------------------------------------------------------------------------------------------------------------------------------------------------------------------------+
; signal2       ; Input  ; Warning  ; Input port expression (32 bits) is wider than the input port (10 bits) it drives.  The 22 most-significant bit(s) in the expression will be dangling if they have no other fanouts. ;
; signal2[9..8] ; Input  ; Info     ; Stuck at GND                                                                                                                                                                        ;
; signal2[6..5] ; Input  ; Info     ; Stuck at GND                                                                                                                                                                        ;
; signal2[3..0] ; Input  ; Info     ; Stuck at GND                                                                                                                                                                        ;
; signal2[7]    ; Input  ; Info     ; Stuck at VCC                                                                                                                                                                        ;
; signal2[4]    ; Input  ; Info     ; Stuck at VCC                                                                                                                                                                        ;
; lower         ; Output ; Info     ; Connected to dangling logic. Logic that only feeds a dangling port will be removed.                                                                                                 ;
; equal         ; Output ; Info     ; Connected to dangling logic. Logic that only feeds a dangling port will be removed.                                                                                                 ;
+---------------+--------+----------+-------------------------------------------------------------------------------------------------------------------------------------------------------------------------------------+


+----------------------------------------------------------------------------------------------------------------+
; Port Connectivity Checks: "VGAController:DUT"                                                                  ;
+------+--------+----------+-------------------------------------------------------------------------------------+
; Port ; Type   ; Severity ; Details                                                                             ;
+------+--------+----------+-------------------------------------------------------------------------------------+
; posx ; Output ; Info     ; Connected to dangling logic. Logic that only feeds a dangling port will be removed. ;
; posy ; Output ; Info     ; Connected to dangling logic. Logic that only feeds a dangling port will be removed. ;
+------+--------+----------+-------------------------------------------------------------------------------------+


+-----------------------------------------------------+
; Post-Synthesis Netlist Statistics for Top Partition ;
+-----------------------+-----------------------------+
; Type                  ; Count                       ;
+-----------------------+-----------------------------+
; arriav_ff             ; 48                          ;
;     CLR               ; 20                          ;
;     SCLR              ; 28                          ;
; arriav_lcell_comb     ; 73                          ;
;     arith             ; 46                          ;
;         1 data inputs ; 44                          ;
;         2 data inputs ; 2                           ;
;     extend            ; 1                           ;
;         7 data inputs ; 1                           ;
;     normal            ; 26                          ;
;         0 data inputs ; 2                           ;
;         1 data inputs ; 5                           ;
;         3 data inputs ; 4                           ;
;         4 data inputs ; 4                           ;
;         5 data inputs ; 6                           ;
;         6 data inputs ; 5                           ;
; boundary_port         ; 30                          ;
;                       ;                             ;
; Max LUT depth         ; 4.00                        ;
; Average LUT depth     ; 2.66                        ;
+-----------------------+-----------------------------+


+-------------------------------+
; Elapsed Time Per Partition    ;
+----------------+--------------+
; Partition Name ; Elapsed Time ;
+----------------+--------------+
; Top            ; 00:00:00     ;
+----------------+--------------+


+-------------------------------+
; Analysis & Synthesis Messages ;
+-------------------------------+
Info: *******************************************************************
Info: Running Quartus Prime Analysis & Synthesis
    Info: Version 17.1.0 Build 590 10/25/2017 SJ Lite Edition
    Info: Processing started: Thu Oct 10 12:06:32 2019
Info: Command: quartus_map --read_settings_files=on --write_settings_files=off Lab4 -c Lab4
Warning (18236): Number of processors has not been specified which may cause overloading on shared machines.  Set the global assignment NUM_PARALLEL_PROCESSORS in your QSF to an appropriate value for best performance.
Info (20030): Parallel compilation is enabled and will use 4 of the 4 processors detected
Info (12021): Found 1 design units, including 1 entities, in source file vgacontrollertest.sv
    Info (12023): Found entity 1: VGAControllerTest File: C:/Users/user/Downloads/Taller-de-Dise-o-Digital-master/Lab4 - Logica Secuencial y Controladores/VGAControllerTest.sv Line: 1
Info (12021): Found 1 design units, including 1 entities, in source file countertest.sv
    Info (12023): Found entity 1: CounterTest File: C:/Users/user/Downloads/Taller-de-Dise-o-Digital-master/Lab4 - Logica Secuencial y Controladores/CounterTest.sv Line: 1
Info (12021): Found 1 design units, including 1 entities, in source file linesprinter.sv
    Info (12023): Found entity 1: LinesPrinter File: C:/Users/user/Downloads/Taller-de-Dise-o-Digital-master/Lab4 - Logica Secuencial y Controladores/LinesPrinter.sv Line: 13
Info (12021): Found 1 design units, including 1 entities, in source file spriteprinter.sv
    Info (12023): Found entity 1: SpritePrinter File: C:/Users/user/Downloads/Taller-de-Dise-o-Digital-master/Lab4 - Logica Secuencial y Controladores/SpritePrinter.sv Line: 15
Info (12021): Found 1 design units, including 1 entities, in source file comparator.sv
    Info (12023): Found entity 1: Comparator File: C:/Users/user/Downloads/Taller-de-Dise-o-Digital-master/Lab4 - Logica Secuencial y Controladores/Comparator.sv Line: 11
Info (12021): Found 1 design units, including 1 entities, in source file romsprite1.v
    Info (12023): Found entity 1: ROMSprite1 File: C:/Users/user/Downloads/Taller-de-Dise-o-Digital-master/Lab4 - Logica Secuencial y Controladores/ROMSprite1.v Line: 39
Info (12021): Found 1 design units, including 1 entities, in source file colordecoder.sv
    Info (12023): Found entity 1: ColorDecoder File: C:/Users/user/Downloads/Taller-de-Dise-o-Digital-master/Lab4 - Logica Secuencial y Controladores/ColorDecoder.sv Line: 1
Info (12021): Found 1 design units, including 1 entities, in source file addressgenerator.sv
    Info (12023): Found entity 1: AddressGenerator File: C:/Users/user/Downloads/Taller-de-Dise-o-Digital-master/Lab4 - Logica Secuencial y Controladores/AddressGenerator.sv Line: 1
Info (12021): Found 1 design units, including 1 entities, in source file visiblelogic.sv
    Info (12023): Found entity 1: VisibleLogic File: C:/Users/user/Downloads/Taller-de-Dise-o-Digital-master/Lab4 - Logica Secuencial y Controladores/VisibleLogic.sv Line: 1
Info (12021): Found 1 design units, including 1 entities, in source file vgacontroller.sv
    Info (12023): Found entity 1: VGAController File: C:/Users/user/Downloads/Taller-de-Dise-o-Digital-master/Lab4 - Logica Secuencial y Controladores/VGAController.sv Line: 1
Info (12021): Found 1 design units, including 1 entities, in source file clockdivider.sv
    Info (12023): Found entity 1: ClockDivider File: C:/Users/user/Downloads/Taller-de-Dise-o-Digital-master/Lab4 - Logica Secuencial y Controladores/ClockDivider.sv Line: 1
Info (12021): Found 1 design units, including 1 entities, in source file clockdividertest.sv
    Info (12023): Found entity 1: ClockDividerTest File: C:/Users/user/Downloads/Taller-de-Dise-o-Digital-master/Lab4 - Logica Secuencial y Controladores/ClockDividerTest.sv Line: 1
Info (12021): Found 1 design units, including 1 entities, in source file counter.sv
    Info (12023): Found entity 1: Counter File: C:/Users/user/Downloads/Taller-de-Dise-o-Digital-master/Lab4 - Logica Secuencial y Controladores/Counter.sv Line: 1
Info (12021): Found 1 design units, including 1 entities, in source file tictactoe.sv
    Info (12023): Found entity 1: TicTacToe File: C:/Users/user/Downloads/Taller-de-Dise-o-Digital-master/Lab4 - Logica Secuencial y Controladores/TicTacToe.sv Line: 1
Info (12021): Found 1 design units, including 1 entities, in source file tictactoetest.sv
    Info (12023): Found entity 1: TicTacToeTest File: C:/Users/user/Downloads/Taller-de-Dise-o-Digital-master/Lab4 - Logica Secuencial y Controladores/TicTacToeTest.sv Line: 1
Info (12127): Elaborating entity "TicTacToe" for the top level hierarchy
Info (12128): Elaborating entity "ClockDivider" for hierarchy "ClockDivider:clock_divider" File: C:/Users/user/Downloads/Taller-de-Dise-o-Digital-master/Lab4 - Logica Secuencial y Controladores/TicTacToe.sv Line: 7
Info (12128): Elaborating entity "VGAController" for hierarchy "VGAController:DUT" File: C:/Users/user/Downloads/Taller-de-Dise-o-Digital-master/Lab4 - Logica Secuencial y Controladores/TicTacToe.sv Line: 8
Info (12128): Elaborating entity "Counter" for hierarchy "VGAController:DUT|Counter:h_counter" File: C:/Users/user/Downloads/Taller-de-Dise-o-Digital-master/Lab4 - Logica Secuencial y Controladores/VGAController.sv Line: 29
Info (12128): Elaborating entity "Comparator" for hierarchy "VGAController:DUT|Comparator:hmin_comparator" File: C:/Users/user/Downloads/Taller-de-Dise-o-Digital-master/Lab4 - Logica Secuencial y Controladores/VGAController.sv Line: 39
Warning (12241): 6 hierarchies have connectivity warnings - see the Connectivity Checks report folder
Warning (13024): Output pins are stuck at VCC or GND
    Warning (13410): Pin "VGA_R[0]" is stuck at VCC File: C:/Users/user/Downloads/Taller-de-Dise-o-Digital-master/Lab4 - Logica Secuencial y Controladores/TicTacToe.sv Line: 3
    Warning (13410): Pin "VGA_R[1]" is stuck at VCC File: C:/Users/user/Downloads/Taller-de-Dise-o-Digital-master/Lab4 - Logica Secuencial y Controladores/TicTacToe.sv Line: 3
    Warning (13410): Pin "VGA_R[2]" is stuck at VCC File: C:/Users/user/Downloads/Taller-de-Dise-o-Digital-master/Lab4 - Logica Secuencial y Controladores/TicTacToe.sv Line: 3
    Warning (13410): Pin "VGA_R[3]" is stuck at VCC File: C:/Users/user/Downloads/Taller-de-Dise-o-Digital-master/Lab4 - Logica Secuencial y Controladores/TicTacToe.sv Line: 3
    Warning (13410): Pin "VGA_R[4]" is stuck at VCC File: C:/Users/user/Downloads/Taller-de-Dise-o-Digital-master/Lab4 - Logica Secuencial y Controladores/TicTacToe.sv Line: 3
    Warning (13410): Pin "VGA_R[5]" is stuck at VCC File: C:/Users/user/Downloads/Taller-de-Dise-o-Digital-master/Lab4 - Logica Secuencial y Controladores/TicTacToe.sv Line: 3
    Warning (13410): Pin "VGA_R[6]" is stuck at VCC File: C:/Users/user/Downloads/Taller-de-Dise-o-Digital-master/Lab4 - Logica Secuencial y Controladores/TicTacToe.sv Line: 3
    Warning (13410): Pin "VGA_R[7]" is stuck at VCC File: C:/Users/user/Downloads/Taller-de-Dise-o-Digital-master/Lab4 - Logica Secuencial y Controladores/TicTacToe.sv Line: 3
    Warning (13410): Pin "VGA_G[0]" is stuck at GND File: C:/Users/user/Downloads/Taller-de-Dise-o-Digital-master/Lab4 - Logica Secuencial y Controladores/TicTacToe.sv Line: 3
    Warning (13410): Pin "VGA_G[1]" is stuck at GND File: C:/Users/user/Downloads/Taller-de-Dise-o-Digital-master/Lab4 - Logica Secuencial y Controladores/TicTacToe.sv Line: 3
    Warning (13410): Pin "VGA_G[2]" is stuck at GND File: C:/Users/user/Downloads/Taller-de-Dise-o-Digital-master/Lab4 - Logica Secuencial y Controladores/TicTacToe.sv Line: 3
    Warning (13410): Pin "VGA_G[3]" is stuck at GND File: C:/Users/user/Downloads/Taller-de-Dise-o-Digital-master/Lab4 - Logica Secuencial y Controladores/TicTacToe.sv Line: 3
    Warning (13410): Pin "VGA_G[4]" is stuck at GND File: C:/Users/user/Downloads/Taller-de-Dise-o-Digital-master/Lab4 - Logica Secuencial y Controladores/TicTacToe.sv Line: 3
    Warning (13410): Pin "VGA_G[5]" is stuck at GND File: C:/Users/user/Downloads/Taller-de-Dise-o-Digital-master/Lab4 - Logica Secuencial y Controladores/TicTacToe.sv Line: 3
    Warning (13410): Pin "VGA_G[6]" is stuck at GND File: C:/Users/user/Downloads/Taller-de-Dise-o-Digital-master/Lab4 - Logica Secuencial y Controladores/TicTacToe.sv Line: 3
    Warning (13410): Pin "VGA_G[7]" is stuck at GND File: C:/Users/user/Downloads/Taller-de-Dise-o-Digital-master/Lab4 - Logica Secuencial y Controladores/TicTacToe.sv Line: 3
    Warning (13410): Pin "VGA_B[0]" is stuck at GND File: C:/Users/user/Downloads/Taller-de-Dise-o-Digital-master/Lab4 - Logica Secuencial y Controladores/TicTacToe.sv Line: 3
    Warning (13410): Pin "VGA_B[1]" is stuck at GND File: C:/Users/user/Downloads/Taller-de-Dise-o-Digital-master/Lab4 - Logica Secuencial y Controladores/TicTacToe.sv Line: 3
    Warning (13410): Pin "VGA_B[2]" is stuck at GND File: C:/Users/user/Downloads/Taller-de-Dise-o-Digital-master/Lab4 - Logica Secuencial y Controladores/TicTacToe.sv Line: 3
    Warning (13410): Pin "VGA_B[3]" is stuck at GND File: C:/Users/user/Downloads/Taller-de-Dise-o-Digital-master/Lab4 - Logica Secuencial y Controladores/TicTacToe.sv Line: 3
    Warning (13410): Pin "VGA_B[4]" is stuck at GND File: C:/Users/user/Downloads/Taller-de-Dise-o-Digital-master/Lab4 - Logica Secuencial y Controladores/TicTacToe.sv Line: 3
    Warning (13410): Pin "VGA_B[5]" is stuck at GND File: C:/Users/user/Downloads/Taller-de-Dise-o-Digital-master/Lab4 - Logica Secuencial y Controladores/TicTacToe.sv Line: 3
    Warning (13410): Pin "VGA_B[6]" is stuck at GND File: C:/Users/user/Downloads/Taller-de-Dise-o-Digital-master/Lab4 - Logica Secuencial y Controladores/TicTacToe.sv Line: 3
    Warning (13410): Pin "VGA_B[7]" is stuck at GND File: C:/Users/user/Downloads/Taller-de-Dise-o-Digital-master/Lab4 - Logica Secuencial y Controladores/TicTacToe.sv Line: 3
Info (286030): Timing-Driven Synthesis is running
Info (144001): Generated suppressed messages file C:/Users/user/Downloads/Taller-de-Dise-o-Digital-master/Lab4 - Logica Secuencial y Controladores/output_files/Lab4.map.smsg
Info (16010): Generating hard_block partition "hard_block:auto_generated_inst"
    Info (16011): Adding 0 node(s), including 0 DDIO, 0 PLL, 0 transceiver and 0 LCELL
Info (21057): Implemented 98 device resources after synthesis - the final resource count might be different
    Info (21058): Implemented 1 input pins
    Info (21059): Implemented 29 output pins
    Info (21061): Implemented 68 logic cells
Info: Quartus Prime Analysis & Synthesis was successful. 0 errors, 27 warnings
    Info: Peak virtual memory: 4835 megabytes
    Info: Processing ended: Thu Oct 10 12:06:42 2019
    Info: Elapsed time: 00:00:10
    Info: Total CPU time (on all processors): 00:00:20


+------------------------------------------+
; Analysis & Synthesis Suppressed Messages ;
+------------------------------------------+
The suppressed messages can be found in C:/Users/user/Downloads/Taller-de-Dise-o-Digital-master/Lab4 - Logica Secuencial y Controladores/output_files/Lab4.map.smsg.


